ID	TM	SP	PREDICTION
10_1	0	Y	n8-19c27/28o
13_1	0	Y	n8-19c27/28o
16_1	0	Y	n6-16c20/21o
17_1	0	0	o
19_1	0	0	o
3_1	0	0	o
8_1	1	0	o377-396i
4_1	0	0	o
2_1	0	0	o
15_2	0	Y	n4-14c26/27o
6_1	0	0	o
16_2	0	0	o
7_1	0	0	o
5_1	0	0	o
3_2	0	0	o
4_2	0	0	o
7_2	0	0	o
6_2	0	0	o
4_3	0	0	o
9_2	0	Y	n8-19c27/28o
8_2	0	0	o
1_1	12	0	i7-31o37-60i72-91o97-119i131-149o161-182i203-220o240-260i272-290o296-314i326-348o360-380i
3_3	0	0	o
2_2	0	0	o
5_2	0	0	o
10_2	0	0	o
7_3	0	0	o
4_4	0	0	o
6_3	0	0	o
5_3	0	0	o
1_2	0	0	o
2_3	0	0	o
6_4	0	0	o
8_3	0	0	i
3_5	0	0	o
8_4	0	0	o
7_4	3	Y	n3-14c32/33o56-84i91-108o114-136i
9_3	0	Y	n8-19c27/28o
6_5	0	0	o
8_5	0	0	o
2_4	0	0	o
3_6	2	0	o6-29i70-92o
5_4	0	0	o
3_7	0	0	o
8_6	0	0	o
7_5	0	0	o
4_5	0	0	o
3_8	0	0	o
6_6	4	0	i15-36o243-266i287-311o331-350i
2_5	0	0	o
1_3	0	0	o
7_6	0	0	o
5_5	0	0	o
8_8	0	0	o
9_4	0	Y	n6-16c20/21o
3_9	0	0	o
5_6	0	0	o
2_6	0	0	o
7_7	0	0	o
6_7	0	0	o
8_9	0	0	o
1_4	0	0	o
4_6	3	Y	n2-13c21/22o45-62i74-97o109-127i
2_7	0	0	o
8_10	0	0	o
5_7	0	0	o
6_8	0	Y	n4-19c24/25o
3_10	0	0	o
2_8	0	0	o
6_9	0	0	o
7_8	4	0	i61-79o85-107i119-143o149-166i
8_11	0	0	o
4_7	0	0	o
1_5	0	0	o
2_9	5	0	i28-53o73-99i111-129o149-168i244-263o
4_8	0	0	o
7_9	0	0	o
2_10	0	0	o
8_13	0	0	o
3_11	1	0	i25-47o
4_9	0	0	o
6_10	0	0	o
7_10	0	0	o
7_11	0	0	o
6_11	0	0	o
1_6	9	0	i21-42o48-69i100-119o125-144i156-175o181-203i224-245o251-268i289-307o
3_12	0	0	o
5_8	0	0	o
8_14	0	Y	n10-21c33/34o
7_12	0	0	o
2_12	5	0	o6-22i34-53o69-87i99-118o124-149i
1_7	0	0	o
4_10	0	0	o
3_13	0	Y	n12-19c24/25o
5_9	5	Y	n11-23c28/29o61-85i92-113o133-155i162-184o190-211i
7_13	14	0	i21-39o59-79i138-163o169-186i206-228o234-253i260-281o287-306i327-350o362-382i394-412o418-435i447-468o488-511i
8_15	0	0	o
6_13	0	0	o
4_11	0	0	o
2_13	0	0	o
5_10	0	0	o
8_16	0	0	i
8_17	0	0	o
5_11	0	0	o
1_8	0	0	o
6_14	12	0	i7-27o47-66i78-97o103-123i135-154o166-185i206-229o249-268i280-301o307-330i351-367o373-392i
3_14	10	0	o6-29i50-73o79-97i117-133o153-172i179-197o203-220i227-247o253-275i303-323o
2_14	0	0	o
8_18	0	0	o
4_12	0	0	o
4_13	0	0	o
3_15	0	0	o
8_19	0	0	o
2_15	0	0	i
7_14	6	0	i7-28o34-51i63-85o126-144i156-176o196-214i
6_15	20	0	i17-36o56-83i95-113o119-140i152-174o194-219i231-252o258-276i288-307o319-345i366-387o416-438i459-482o502-531i580-602o614-633i640-657o663-684i696-719o757-775i
1_9	0	0	o
8_20	0	0	o
4_14	0	0	o
2_16	0	0	o
4_15	0	0	o
7_15	4	0	i76-96o116-135i171-192o204-222i
1_10	0	0	o
3_16	0	0	o
2_17	0	0	i
8_21	0	0	o
4_16	1	0	o26-47i
2_18	0	0	o
1_11	0	0	o
5_12	0	0	o
8_22	0	0	o
7_16	0	0	o
4_17	0	0	o
2_19	0	0	i
2_20	0	0	o
6_16	4	0	i12-30o36-56i68-91o111-134i
4_18	0	0	o
7_17	0	0	o
8_23	0	0	o
6_17	3	0	o6-21i28-49o69-93i
2_21	0	0	o
6_18	13	0	i21-45o65-89i101-120o126-144i156-178o198-225i237-260o266-289i296-314o334-352i364-386o398-422i443-468o
4_19	0	0	o
1_12	0	Y	n6-19c23/24o
3_17	1	0	i38-56o
7_18	0	0	o
4_20	0	0	i
2_22	9	Y	n18-28c41/42o67-91i112-131o146-167i174-191o211-234i271-291o311-330i364-386o392-411i
7_19	0	0	o
3_18	0	0	o
7_20	0	0	o
1_13	0	0	i
5_13	1	0	o407-427i
4_21	0	0	o
7_21	0	0	o
1_14	0	0	o
3_19	0	0	o
2_23	0	0	o
6_20	3	0	o6-23i35-55o61-83i
4_22	0	0	o
1_15	0	0	o
3_20	12	0	i12-34o40-61i73-95o101-120i141-160o166-185i216-233o264-286i298-315o321-337i358-378o384-405i
1_16	0	0	o
2_24	0	0	i
2_25	0	0	o
4_23	0	0	o
5_14	5	0	o22-47i71-91o103-133i145-170o176-194i
6_22	0	0	o
7_22	1	0	o33-50i
2_26	0	0	o
5_15	2	0	i12-36o288-308i
1_17	1	Y	n11-21c26/27o1691-1709i
6_23	4	0	o6-26i38-62o68-85i139-156o
7_23	0	0	o
2_27	0	Y	n8-19c24/25o
4_24	0	0	o
3_21	0	0	o
6_24	9	Y	n2-9c14/15o30-50i77-106o126-144i165-182o202-223i243-264o284-306i318-339o351-376i
2_28	0	0	o
7_24	6	0	i37-61o96-116i137-164o184-204i211-236o248-272i
2_29	0	0	i
2_30	0	0	i
4_25	0	0	o
5_16	0	0	o
7_25	0	0	o
6_25	0	0	o
2_31	0	0	i
7_26	0	0	o
2_32	0	0	i
3_23	0	Y	n7-18c26/27o
4_26	0	Y	n4-16c20/21o
6_26	0	0	o
2_33	0	0	i
7_27	0	0	o
2_34	0	0	o
2_35	0	0	i
5_17	6	0	i12-31o82-107i119-138o165-193i214-236o280-299i
3_24	0	0	i
6_27	0	0	o
2_36	0	0	o
3_25	0	0	i
7_28	0	0	o
4_27	8	0	i39-60o91-113i148-174o216-238i250-271o302-324i345-367o412-434i
5_18	6	0	i43-64o101-125i137-156o168-190i211-236o291-308i
2_37	0	0	o
7_29	0	0	o
3_26	0	0	o
2_38	0	0	o
2_39	0	0	o
1_18	3	0	o6-25i32-54o60-84i
4_28	6	0	i12-31o72-93i105-127o133-154i191-214o239-261i
6_28	1	0	i7-28o
5_19	0	Y	n7-18c22/23o
3_27	0	0	o
7_30	12	0	i12-34o46-65i77-95o101-120i140-161o167-183i226-251o271-289i301-318o324-343i364-385o391-409i
1_19	0	0	o
2_40	0	0	i
4_29	0	0	o
2_41	0	0	o
6_29	0	0	o
2_42	0	0	o
5_20	0	0	o
6_30	0	0	o
7_31	0	0	o
1_20	0	0	o
6_31	0	0	o
2_43	0	0	i
4_30	1	0	o243-259i
3_28	1	0	i7-29o
2_44	4	0	o42-61i73-95o107-129i244-263o
6_32	1	Y	n9-21c26/27o705-723i
7_32	0	0	i
5_21	0	0	o
2_45	9	0	i12-33o39-58i92-110o116-135i147-166o190-214i235-257o263-279i291-315o
3_29	0	0	o
1_21	0	0	o
7_33	1	0	i12-30o
3_30	0	0	o
1_22	0	0	o
4_31	0	0	o
5_23	0	0	o
7_34	0	Y	n13-24c29/30o
2_46	0	0	o
3_31	0	0	o
3_32	0	0	o
5_24	0	0	o
7_35	0	0	o
6_33	0	0	o
3_33	0	Y	n3-14c22/23o
6_34	0	0	o
1_23	0	0	o
2_47	0	Y	n10-21c26/27o
5_25	0	0	o
6_35	3	0	i7-29o102-122i134-156o
7_36	0	0	o
5_26	6	Y	n4-14c19/20o29-50i57-85o91-120i141-162o174-197i209-242o
7_37	0	Y	n6-17c24/25o
3_34	8	0	o57-79i100-121o127-145i150-172o178-199i227-242o248-267i279-300o
2_48	3	Y	n6-13c18/19o383-399i420-438o545-573i
7_38	0	0	o
6_36	0	0	o
3_35	8	0	i7-26o64-84i93-114o120-143i164-181o212-233i245-265o271-295i
6_37	0	0	o
5_28	2	0	i37-59o147-166i
4_32	0	0	o
1_24	0	0	o
6_38	0	0	o
3_36	6	0	i9-27o33-52i72-95o115-132i144-162o168-192i
6_39	0	0	o
5_29	0	0	o
1_25	0	0	o
2_49	1	0	i7-27o
3_37	0	0	o
2_50	6	0	i7-23o29-51i58-73o79-96i108-130o136-160i
7_39	0	0	o
1_26	10	0	i135-156o176-194i206-229o235-254i266-292o304-327i348-369o389-409i421-443o449-470i
5_30	0	0	o
2_51	0	0	o
3_38	1	Y	n4-15c23/24o180-201i
6_40	7	0	i9-31o43-66i78-111o162-184i205-222o228-248i255-273o
5_31	0	0	o
3_39	8	0	o132-152i172-195o215-237i244-262o282-302i314-339o351-373i385-405o
2_52	0	Y	n7-18c23/24o
6_41	3	0	i12-39o67-86i98-119o
5_32	0	0	o
4_33	0	0	o
6_42	0	0	o
1_27	0	0	i
7_41	0	0	o
1_28	0	0	o
4_34	0	0	o
5_33	0	0	o
2_53	0	0	o
3_40	2	0	i7-25o37-62i
6_43	0	0	o
7_42	0	0	o
3_41	2	0	i20-46o66-90i
1_29	0	0	o
6_44	0	0	o
7_43	0	0	o
3_42	4	0	i9-30o50-73i82-100o106-125i
5_34	0	0	o
2_54	0	0	o
3_43	2	0	i7-26o38-59i
4_35	1	0	o6-26i
3_44	0	0	o
7_44	0	0	o
1_30	1	0	o6-28i
4_36	4	0	i184-205o446-464i493-514o520-544i
6_45	0	0	o
5_35	0	0	o
1_31	5	0	o6-22i34-53o93-111i123-145o157-178i
6_46	0	0	o
2_56	0	0	o
7_45	0	0	o
3_45	0	0	o
5_36	0	0	o
2_57	0	0	o
4_37	4	0	i205-229o479-500i528-552o558-579i
1_32	0	Y	n4-19c26/27o
6_47	0	0	o
1_33	0	Y	n4-19c23/24o
2_58	11	0	o6-29i41-65o93-112i119-140o146-165i227-245o265-286i325-342o348-368i380-402o408-428i
5_37	0	0	o
3_46	0	0	o
6_48	0	0	o
5_38	0	0	o
3_47	6	Y	n6-17c22/23o46-66i86-110o130-149i156-175o181-198i205-226o
1_34	6	0	i12-33o53-71i124-148o154-172i242-262o274-295i
2_59	0	0	o
3_48	2	0	i9-28o34-58i
7_46	0	0	o
3_49	0	0	o
2_60	0	0	o
4_39	1	Y	n11-22c30/31o523-541i
6_49	0	Y	n4-15c20/21o
5_39	0	0	o
2_61	0	0	o
1_35	6	0	i33-61o73-95i150-172o178-196i260-281o287-307i
3_50	0	0	o
6_50	0	Y	n4-17c22/23o
5_40	0	0	o
4_40	1	0	o526-544i
6_51	5	0	o24-46i58-83o89-111i152-175o195-217i
7_47	0	Y	n6-17c21/22o
1_36	5	0	o6-22i34-54o60-82i94-113o125-145i
2_62	0	Y	n4-14c18/19o
3_51	1	0	o6-28i
5_41	0	0	o
2_63	0	0	o
1_37	0	Y	n4-15c20/21o
7_48	6	0	i12-35o76-98i110-130o161-183i212-231o264-284i
4_41	1	Y	n3-14c22/23o462-481i
2_64	5	Y	n20-33c38/39o66-85i106-137o157-175i182-204o219-240i
1_38	0	0	o
6_53	1	0	o6-23i
5_42	0	0	o
6_54	2	0	i12-35o69-91i
3_52	0	0	o
5_43	0	0	o
2_65	6	0	i18-35o55-73i94-115o127-145i157-176o196-218i
1_39	0	0	o
7_49	6	0	i12-35o78-98i110-132o144-162i183-206o241-262i
2_66	5	Y	n18-29c37/38o61-81i102-132o165-187i194-215o235-256i
3_53	0	0	o
4_42	0	0	o
6_55	0	0	o
7_50	0	0	o
1_40	0	0	o
3_54	0	0	o
2_67	0	Y	n5-16c26/27o
6_56	6	0	i7-27o33-54i75-93o105-125i146-169o175-193i
5_44	0	0	o
3_55	0	0	i
4_43	0	0	o
2_68	0	0	o
7_51	0	0	o
3_56	0	Y	n4-15c23/24o
4_44	0	0	o
6_57	0	0	o
6_58	0	0	o
6_59	0	0	o
2_69	0	0	o
4_45	0	0	o
3_57	0	Y	n7-18c23/24o
6_60	10	0	i12-33o45-63i75-92o112-129i141-161o167-183i190-210o277-302i314-333o353-373i
5_45	0	0	o
3_58	4	0	o6-22i34-54o60-79i91-116o
4_46	12	0	i7-28o85-105i117-140o160-177i226-251o257-277i332-352o402-425i446-466o472-491i548-566o594-619i
1_41	0	0	o
3_59	3	Y	n3-14c19/20o29-52i59-79o91-110i
5_46	0	0	o
3_60	0	0	i
5_47	1	Y	n4-12c16/17o26-44i
6_61	10	0	i12-33o45-66i73-93o113-130i142-162o168-184i191-211o278-303i315-334o346-372i
5_48	0	0	o
2_70	0	0	i
3_61	1	0	o50-69i
5_49	0	0	o
3_62	0	0	o
2_71	0	0	o
4_47	0	Y	n4-15c23/24o
6_62	0	0	o
2_72	0	0	o
3_63	1	Y	n5-18c27/28o542-559i
7_52	0	0	o
4_48	0	0	o
1_42	0	0	o
5_50	0	0	o
1_43	0	0	o
4_49	0	0	o
7_53	0	0	o
2_73	0	0	o
6_64	0	Y	n6-17c21/22o
5_51	0	0	o
3_64	0	0	o
7_54	0	0	o
2_74	1	0	o452-471i
1_44	0	0	o
5_52	0	0	o
6_65	0	0	o
4_50	0	0	o
6_66	0	0	o
7_55	0	Y	n5-17c22/23o
2_75	0	0	o
4_51	0	0	i
3_65	12	0	i20-43o49-73i94-117o137-157i169-189o195-216i256-277o283-302i314-341o361-381i393-411o417-435i
5_53	0	0	o
6_67	0	0	o
7_56	0	0	o
2_76	0	0	o
4_52	0	0	o
7_57	4	0	o20-41i53-74o86-103i179-202o
5_54	2	0	i7-24o30-48i
1_45	3	0	i7-25o31-49i56-75o
3_66	0	0	o
4_53	0	Y	n8-20c28/29o
1_46	0	0	o
6_68	2	Y	n4-13c18/19o52-73i80-97o
7_58	2	0	i12-30o42-62i
6_69	0	0	o
3_67	1	0	o6-27i
1_47	0	0	o
5_55	0	0	o
4_54	0	0	o
2_77	0	0	o
7_59	0	0	o
6_70	0	0	o
1_48	6	0	i20-39o153-173i194-220o240-263i270-290o326-347i
5_56	0	0	o
2_78	0	0	o
4_55	0	0	o
3_68	0	0	o
6_71	0	0	o
2_79	0	0	o
1_49	0	0	o
4_56	0	0	o
6_73	0	0	o
3_69	0	0	o
7_60	0	0	o
2_80	1	0	i162-183o
5_58	0	0	o
6_74	0	Y	n6-14c20/21o
7_61	0	0	o
1_50	0	0	o
5_59	0	0	o
4_57	0	0	o
1_51	0	0	o
6_75	1	0	i7-27o
2_81	9	0	o12-31i38-60o93-115i136-164o184-202i223-242o248-267i294-327o356-379i
3_70	12	0	i7-25o45-64i85-105o134-155i184-204o224-244i256-276o313-331i343-368o396-421i442-460o466-486i
7_62	0	0	o
5_60	0	0	o
6_76	3	Y	n4-19c25/26o41-61i73-93o113-133i
2_82	0	Y	n6-16c21/22o
5_61	0	Y	n2-12c18/19o
2_83	0	0	o
3_71	0	Y	n8-18c36/37o
4_58	0	0	o
3_72	0	0	o
6_77	0	0	o
2_84	0	0	o
3_73	0	0	o
4_59	0	0	o
5_62	8	Y	n10-25c30/31o64-81i93-114o120-139i151-173o198-221i242-265o277-298i310-327o
7_64	0	0	o
6_78	0	Y	n8-20c25/26o
4_60	0	0	o
1_52	0	0	o
3_74	11	0	o6-24i31-49o82-105i117-145o165-188i209-230o236-260i280-313o319-342i354-376o396-423i
5_63	9	0	i12-31o67-84i96-115o121-145i157-179o199-219i246-272o284-303i315-335o
7_65	2	0	i21-42o54-73i
4_61	5	0	o20-41i53-79o85-108i149-171o191-213i
7_66	0	0	o
2_85	5	0	o6-25i37-58o64-87i108-128o134-156i
1_53	0	0	o
5_64	0	0	o
3_75	0	Y	n4-14c19/20o
4_62	0	0	o
7_67	0	0	o
3_76	0	0	o
1_54	0	0	o
5_65	0	0	o
2_86	0	0	o
3_77	0	0	o
2_87	0	0	o
7_68	0	0	o
4_63	0	Y	n7-18c23/24o
2_88	0	0	o
1_55	0	0	o
5_66	0	0	o
6_79	0	Y	n4-17c25/26o
1_56	0	0	o
4_64	0	0	o
2_89	0	0	o
7_69	0	Y	n2-17c22/23o
5_67	0	0	o
2_90	0	0	o
1_57	0	0	o
3_78	0	0	o
6_80	0	0	o
7_70	0	0	o
2_91	0	0	i
4_65	0	0	o
5_68	0	0	o
2_92	0	0	o
1_58	0	0	o
7_71	0	0	o
3_79	0	0	o
4_66	1	Y	n3-10c14/15o170-193i
1_59	4	0	i21-44o64-85i97-115o121-141i
5_69	0	0	o
2_93	0	0	o
3_80	0	0	o
1_60	13	Y	n8-18c23/24o47-69i90-111o131-149i170-189o195-214i243-263o296-319i331-353o373-394i401-422o428-449i461-486o492-523i
5_70	0	0	o
7_72	0	0	o
2_94	0	0	o
3_81	0	0	o
5_71	0	0	o
4_67	1	0	i7-27o
2_95	4	0	i391-411o417-435i442-460o472-493i
6_81	0	0	o
1_61	13	0	o24-43i63-81o101-119i140-158o164-189i217-237o271-294i306-327o347-368i375-396o402-424i436-456o468-488i
7_73	0	0	o
3_82	0	0	o
5_72	0	0	o
3_83	11	0	i280-301o321-339i346-366o386-409i421-446o452-472i510-531o543-562i574-591o606-628i640-660o
7_74	0	Y	n4-15c20/21o
4_68	1	0	i7-26o
6_82	0	0	o
5_73	2	0	i12-34o177-201i
6_83	0	0	o
4_69	0	0	o
1_62	6	0	i7-30o59-79i86-107o127-147i154-176o182-203i
7_75	0	0	o
2_96	0	Y	n11-22c27/28o
1_63	0	0	o
3_84	1	0	o6-22i
4_70	1	0	i120-143o
3_85	0	Y	n2-12c17/18o
2_97	7	0	i28-50o56-75i212-235o247-270i583-601o613-633i654-680o
5_74	0	0	i
1_64	0	0	o
6_84	0	Y	n17-24c29/30o
3_86	0	0	o
7_76	0	0	o
1_65	0	0	o
3_87	0	0	o
6_85	1	Y	n4-22c29/30o53-76i
4_71	0	0	o
5_76	1	Y	n3-13c22/23o1966-1986i
2_98	11	0	i9-27o64-89i101-120o140-159i171-192o253-273i285-303o372-398i418-439o484-505i526-551o
6_86	0	0	o
4_72	0	0	o
1_66	0	0	o
3_88	0	0	o
6_87	0	0	o
7_77	0	0	o
4_73	0	0	o
1_67	0	0	o
3_89	0	0	o
6_88	0	0	i
1_68	14	0	i12-31o51-71i78-97o109-129i141-161o167-187i199-220o226-245i266-291o303-324i331-350o356-382i403-424o444-470i
7_78	11	0	i12-29o41-65i86-112o143-165i177-197o217-240i252-278o298-321i341-360o380-399i420-447o
2_100	0	Y	n6-18c26/27o
6_89	0	0	o
4_74	6	0	i7-30o50-73i85-107o119-142i154-172o192-209i
2_101	10	0	i32-56o76-96i108-125o137-157i178-201o221-243i286-306o331-350i357-378o390-412i
3_90	0	0	o
4_75	0	0	o
7_79	3	0	i12-33o39-57i64-83o
6_90	0	0	o
3_91	0	0	o
1_69	0	0	o
7_80	0	0	o
2_102	0	0	o
3_92	0	0	o
7_81	0	0	o
2_103	10	0	i7-27o39-57i69-89o101-125i132-149o155-173i180-201o267-287i299-318o338-359i
1_70	0	0	i
4_76	9	0	i33-56o76-102i109-128o186-209i230-248o287-306i318-340o346-371i392-412o
3_93	0	0	o
6_91	0	0	o
1_71	0	0	o
2_104	10	0	i7-26o46-68i75-94o100-123i135-152o158-176i183-201o274-296i308-334o340-362i
7_82	0	0	o
3_94	10	0	i18-38o58-76i106-128o148-177i198-216o236-259i292-314o520-548i582-606o612-633i
6_92	0	0	o
4_77	0	0	o
2_105	10	0	i63-85o91-108i254-274o280-305i664-681o687-704i725-748o760-778i790-814o826-844i
1_73	0	Y	n5-12c16/17o
4_78	0	0	o
1_74	0	0	o
7_83	0	0	o
6_93	0	0	o
5_78	0	0	o
7_84	0	0	o
3_95	7	0	o32-52i59-81o93-113i134-155o175-193i200-222o242-261i
4_79	0	0	o
6_94	0	0	o
1_75	0	0	o
3_96	0	0	o
7_85	0	0	o
1_76	0	0	i
4_80	0	0	o
5_79	1	0	i50-74o
3_97	0	0	o
2_106	0	0	o
1_77	0	0	o
2_107	0	0	o
6_95	0	0	o
5_80	0	0	o
7_86	0	0	o
2_108	1	0	i27-46o
1_78	0	0	o
3_98	0	Y	n14-24c29/30o
4_81	0	0	i
5_81	0	0	o
4_82	0	0	o
6_96	0	0	o
5_82	0	0	o
6_97	12	0	i20-37o202-220i227-248o260-279i300-324o336-359i406-426o548-565i572-596o608-630i651-672o692-710i
7_87	0	0	o
2_109	0	0	o
4_83	0	0	o
2_110	0	0	o
7_88	0	0	o
3_100	0	0	o
1_79	0	0	o
5_83	0	0	o
7_89	0	0	o
2_111	0	0	o
4_84	0	Y	n5-17c21/22o
7_90	0	0	o
4_85	0	0	o
3_101	0	0	o
5_84	0	Y	n6-18c23/24o
6_98	0	0	i
1_80	0	0	o
2_112	0	0	o
6_99	0	0	o
1_81	0	0	o
7_91	0	0	o
5_85	0	0	o
4_86	4	0	i9-27o33-56i162-186o192-213i
6_100	2	0	i21-46o78-98i
2_113	0	0	o
6_101	0	Y	n10-21c29/30o
7_92	0	0	o
1_82	0	Y	n3-12c16/17o
2_114	0	0	o
4_87	0	0	o
3_102	4	0	i29-52o170-199i219-237o243-261i
5_86	0	0	o
1_83	1	0	o12-31i
2_115	0	0	o
7_93	3	0	o6-21i28-49o55-73i
5_87	0	0	o
3_103	6	0	i20-42o80-101i113-138o144-167i188-210o247-268i
4_88	0	0	o
1_84	0	0	o
6_102	0	0	o
2_116	0	0	o
5_88	0	0	o
4_89	0	0	o
3_104	8	0	i35-60o72-94i130-156o194-218i230-250o296-317i338-357o401-423i
6_103	12	0	i29-48o60-82i103-127o157-176i188-205o217-236i257-282o302-331i352-372o378-398i410-429o435-453i
2_117	0	0	o
5_89	0	0	o
1_85	0	0	o
4_90	0	0	o
2_118	0	0	o
5_90	0	0	o
3_105	0	Y	n7-18c23/24o
4_91	0	0	o
6_104	0	Y	n3-14c25/26o
2_119	0	0	i
1_86	0	0	o
2_120	0	0	o
5_91	0	0	o
4_92	0	0	o
3_106	0	0	o
5_92	0	0	o
2_121	0	0	i
6_105	0	0	o
2_122	0	0	o
1_87	0	0	o
4_93	1	Y	n8-19c31/32o397-414i
6_106	0	0	o
5_93	0	0	o
1_88	0	0	o
3_107	7	0	i12-32o38-58i70-92o112-136i143-159o165-184i191-210o
1_89	1	0	o6-22i
6_107	0	0	i
5_94	0	0	o
2_123	0	0	o
4_94	6	0	o6-30i39-60o72-90i121-148o160-180i201-218o
5_95	0	0	o
3_108	0	0	o
2_124	2	0	i7-24o30-50i
2_125	0	0	i
6_108	0	0	o
2_126	10	0	i31-52o72-95i107-127o166-184i204-226o246-268i312-332o357-376i383-403o418-440i
4_95	0	0	o
5_96	0	Y	n4-15c20/21o
3_109	2	0	i7-26o32-59i
1_90	0	0	o
4_96	0	0	o
6_109	0	0	o
3_110	11	0	o59-81i102-120o140-160i172-194o214-241i253-277o297-324i345-365o371-395i407-425o431-447i
5_97	0	0	o
4_97	0	Y	n8-21c26/27o
1_91	0	0	o
2_127	0	0	i
2_128	1	0	i12-33o
4_98	0	0	o
6_110	0	0	o
5_98	0	0	o
1_92	0	0	o
2_129	1	0	o6-30i
4_99	0	0	o
2_130	0	0	o
6_111	0	0	o
me=-1	0	0	o
3_111	0	0	o
1_93	0	0	o
5_99	0	0	o
4_100	1	0	o1287-1307i
6_112	0	0	o
5_100	6	0	i12-30o42-62i74-95o101-122i129-149o161-181i
2_131	0	Y	n4-17c25/26o
3_112	0	0	o
1_94	0	0	o
5_101	4	0	o6-24i118-139o145-164i195-221o
6_113	0	0	o
2_132	1	Y	n7-18c23/24o293-310i
3_113	0	0	o
1_95	0	0	o
5_102	0	0	o
3_114	0	0	o
2_133	5	Y	n16-27c32/33o48-69i130-153o159-182i246-264o270-292i
1_96	0	0	o
5_103	0	0	o
6_115	0	0	o
3_115	8	0	i12-32o52-74i86-114o134-159i171-194o214-234i276-294o314-335i
1_97	0	0	o
6_116	7	0	o20-39i51-74o94-111i118-136o179-196i208-225o237-255i
4_101	0	0	o
2_134	6	0	i14-36o48-65i134-150o156-177i235-261o267-284i
3_116	0	0	o
3_117	0	0	o
1_98	0	Y	n7-18c22/23o
6_117	0	0	o
4_102	1	0	o567-588i
3_118	0	0	o
5_104	0	0	o
1_99	2	0	i39-61o73-92i
6_118	4	0	i7-26o32-53i60-81o93-113i
1_100	0	0	o
6_119	1	0	i33-56o
6_120	1	0	i34-60o
5_105	0	0	o
3_119	0	0	o
2_136	9	0	o16-41i53-71o91-115i127-145o184-205i217-235o329-353i362-384o413-436i
1_101	0	0	o
4_103	1	0	o942-961i
3_120	7	0	i21-39o178-203i224-251o271-296i308-327o333-351i363-385o
6_121	0	0	o
1_102	0	0	o
5_106	0	0	o
2_137	0	0	o
3_121	0	0	i
5_107	1	0	i5-22o
1_103	0	0	o
6_122	0	0	o
2_138	0	0	o
1_104	0	0	o
3_122	0	0	o
4_104	1	0	o1737-1756i
3_123	0	0	o
1_105	0	0	o
2_139	0	0	o
5_109	6	0	i7-25o45-66i78-101o107-128i140-159o171-195i
2_140	0	0	o
6_123	0	0	o
1_106	0	0	o
5_110	0	Y	n4-12c16/17o
3_124	0	0	o
2_141	0	0	o
1_107	0	0	o
3_125	9	Y	n6-17c21/22o31-50i57-77o83-102i114-136o156-181i188-208o236-257i264-280o286-305i
5_111	6	0	i12-34o54-72i77-95o107-129i150-168o174-191i
6_124	3	0	o6-23i28-44o50-69i
1_108	0	0	o
3_126	0	0	o
6_125	0	0	o
5_113	0	0	o
6_126	4	0	i12-29o35-57i69-88o94-114i
1_109	0	0	o
3_127	11	0	i12-29o35-54i66-85o91-114i123-142o154-178i185-203o215-233i253-271o277-299i311-334o
6_127	0	0	o
5_114	0	0	o
2_144	6	0	i27-45o51-68i88-106o112-131i164-182o202-225i
4_105	0	0	o
5_115	0	0	o
6_128	0	0	o
3_128	5	0	o12-40i52-74o102-121i133-155o184-204i
4_106	0	0	o
2_145	0	0	o
6_129	0	0	o
4_107	0	0	o
3_129	0	0	o
5_116	0	0	o
4_108	0	0	o
2_146	0	0	o
3_130	1	Y	n3-13c17/18o27-46i
6_130	0	0	o
3_131	0	0	o
3_132	0	0	o
2_147	0	0	o
5_117	0	Y	n4-15c20/21o
6_131	6	0	i12-34o66-86i106-125o131-149i181-202o265-284i
3_133	0	0	o
2_148	0	0	o
4_109	0	0	o
1_110	0	0	i
3_134	0	0	o
5_118	0	0	o
2_149	12	0	i20-44o56-78i98-117o137-157i169-191o197-218i239-260o266-288i319-342o362-383i390-411o417-436i
4_110	0	0	o
6_132	6	0	i33-54o96-124i136-157o169-191i228-250o287-310i
4_111	0	0	o
1_111	0	0	o
5_119	0	0	o
4_112	0	0	o
3_135	0	0	o
4_113	0	0	o
6_133	0	Y	n2-13c18/19o
2_150	0	0	o
5_120	0	0	i
4_114	0	0	o
1_112	0	0	o
2_151	0	0	o
5_121	0	0	o
4_115	0	0	o
6_134	1	Y	n8-19c27/28o169-192i
1_113	0	0	o
2_152	0	0	o
2_153	0	0	o
3_136	0	Y	n8-16c20/21o
2_154	0	0	o
4_116	0	0	o
6_135	0	0	o
3_137	0	0	o
2_155	0	0	o
4_117	0	0	o
1_114	3	0	i5-22o28-46i66-96o
6_136	9	0	o15-35i56-76o82-99i106-123o143-162i182-200o212-233i249-269o275-293i
2_156	0	0	o
1_115	3	Y	n7-18c27/28o51-69i81-100o120-145i
5_123	0	0	o
4_118	0	0	o
1_116	0	0	o
2_157	10	0	i299-322o342-367i374-393o399-417i437-455o475-495i516-536o556-574i586-606o618-643i
4_119	0	0	o
3_138	0	0	i
6_137	1	Y	n2-13c17/18o27-46i
3_139	0	0	o
5_124	0	0	o
4_120	0	0	o
1_117	0	0	o
4_121	0	0	o
3_140	0	0	o
6_138	0	Y	n6-17c25/26o
2_158	0	0	o
5_125	0	0	o
4_122	4	0	o6-24i31-51o63-85i92-112o
1_118	2	0	o28-45i382-400o
3_141	0	0	o
4_123	3	0	o22-42i54-73o85-104i
6_139	0	Y	n6-17c27/28o
3_142	0	0	o
4_124	0	0	o
5_127	0	0	o
4_125	0	0	o
3_143	0	0	o
5_128	1	0	i30-58o
2_159	0	0	o
4_126	0	0	o
1_119	0	0	o
3_144	0	0	o
4_127	1	0	o556-574i
6_141	0	0	o
1_120	0	0	o
3_145	0	0	o
2_160	0	0	o
5_129	0	0	o
6_142	6	0	i20-39o65-84i91-108o114-133i154-176o182-202i
1_121	0	0	o
4_128	1	0	i78-97o
3_146	0	0	o
1_122	0	0	o
5_130	0	0	o
6_143	0	0	o
2_161	0	0	o
5_131	0	0	o
3_147	0	0	i
5_132	0	0	o
2_162	4	0	o12-35i66-86o106-126i138-157o
1_123	0	0	o
3_148	0	0	o
6_144	0	0	o
4_129	0	Y	n5-15c20/21o
3_149	1	Y	n5-12c16/17o26-43i
3_150	0	0	o
5_134	0	Y	n4-11c16/17o
1_124	0	0	o
2_163	0	0	o
3_151	11	Y	n10-21c26/27o42-62i74-94o100-119i131-152o164-183i217-237o243-264i285-303o309-330i342-363o375-394i
4_130	0	0	o
5_135	0	0	o
2_164	0	0	o
3_152	0	0	o
6_145	0	0	o
4_131	0	0	o
1_125	0	0	o
6_146	0	0	o
4_132	8	0	i131-151o171-190i202-233o245-267i279-303o323-350i388-409o429-450i
2_166	0	0	o
5_136	0	0	o
1_126	0	0	o
2_167	0	0	o
5_137	12	0	i12-34o40-57i64-86o92-113i120-141o156-175i182-202o228-252i307-331o337-355i367-386o392-415i
3_153	0	0	o
2_168	0	0	o
4_133	0	0	o
1_127	0	0	i
6_148	0	0	o
5_138	0	Y	n8-20c29/30o
2_169	6	0	i21-42o62-86i141-158o164-181i242-267o279-303i
4_134	0	0	o
3_154	6	0	i5-23o38-58i70-89o101-119i126-150o156-178i
1_128	0	0	o
6_149	0	0	o
1_129	0	0	i
5_139	0	0	i
4_136	0	0	o
3_155	0	0	o
5_140	0	0	o
2_170	0	0	o
6_150	0	0	o
4_137	0	0	o
2_171	0	0	o
1_130	0	0	o
5_141	0	0	o
3_156	0	0	i
6_151	0	0	o
5_142	0	0	o
4_138	0	0	o
3_157	3	0	o6-29i41-62o74-99i
6_152	1	0	i21-44o
3_158	1	Y	n10-21c29/30o1503-1522i
5_143	0	0	o
4_139	0	0	o
2_172	0	0	o
1_131	0	0	o
5_144	0	0	o
2_173	0	0	o
4_140	0	0	o
6_153	10	0	i38-58o64-83i95-116o122-142i149-167o173-191i203-220o226-247i279-298o304-325i
4_141	0	0	o
2_174	0	0	o
6_154	0	0	o
4_142	0	0	o
5_145	0	0	o
1_132	0	0	o
6_155	0	0	o
2_175	5	0	o30-51i108-125o131-152i205-233o253-271i
4_143	10	0	i32-54o74-96i108-130o150-171i192-213o233-254i301-321o341-364i371-390o410-427i
6_156	0	Y	n4-15c24/25o
5_146	0	0	o
1_133	7	Y	n4-17c21/22o45-60i72-91o97-117i124-140o146-164i176-208o220-235i
4_144	0	0	o
3_159	1	Y	n10-21c29/30o1684-1702i
2_176	5	0	i21-37o71-96i146-165o171-190i254-279o
6_157	0	0	o
1_134	0	0	o
4_145	0	0	i
5_147	0	0	o
4_146	0	Y	n6-14c21/22o
6_158	0	0	o
5_148	0	0	o
6_159	0	0	o
1_135	0	0	o
4_147	0	0	o
5_149	0	0	o
2_177	14	0	i7-24o30-47i54-71o83-105i125-146o190-210i217-237o243-260i267-284o290-305i310-330o541-561i568-586o592-609i
4_148	0	0	o
6_160	0	0	o
1_136	0	Y	n10-21c29/30o
4_149	0	0	o
1_137	5	0	o6-25i37-56o62-91i103-128o143-165i
5_150	0	Y	n2-13c17/18o
2_178	2	0	i222-247o259-279i
1_138	0	0	o
6_162	0	0	o
4_150	0	0	o
6_163	0	0	o
1_139	0	0	o
2_179	0	Y	n8-19c31/32o
5_151	4	0	i12-30o50-69i140-163o175-196i
3_160	1	Y	n7-18c27/28o1130-1148i
4_151	0	0	o
1_140	0	0	o
5_152	3	Y	n10-20c32/33o56-74i81-104o124-141i
6_164	0	0	o
4_152	0	0	o
2_180	0	0	o
5_153	0	0	o
6_165	0	0	o
1_141	0	0	o
5_154	0	0	o
1_142	0	0	o
1_143	0	0	o
2_181	0	0	o
4_153	0	0	o
1_144	7	0	o6-31i43-67o87-110i144-163o169-190i219-240o246-265i
6_166	0	0	o
4_154	3	Y	n4-15c19/20o43-61i66-85o91-112i
3_161	0	0	o
6_167	1	0	o6-35i
4_155	12	0	i12-29o41-63i75-93o99-119i131-152o158-175i195-214o220-237i257-276o288-308i320-336o342-361i
1_145	0	0	o
6_168	1	Y	n3-14c18/19o42-70i
5_155	0	0	o
6_169	5	0	o20-38i75-94o114-132i180-206o212-230i
3_163	0	0	o
2_182	0	0	o
4_156	0	0	o
5_156	0	0	o
3_164	9	0	i12-36o56-76i88-107o113-134i141-161o190-209i230-257o269-287i299-318o
1_146	0	0	o
4_157	0	0	o
5_157	7	0	i12-37o43-62i83-101o107-126i138-155o161-182i189-209o
4_158	1	0	i7-30o
3_165	0	Y	n5-16c23/24o
6_171	0	0	o
5_158	0	0	o
2_183	0	0	o
1_147	0	Y	n3-13c18/19o
4_159	1	0	o6-28i
3_166	1	Y	n8-19c28/29o545-563i
5_159	0	Y	n7-20c25/26o
4_160	0	Y	n10-25c33/34o
6_172	0	0	o
1_148	0	0	o
5_160	1	0	i16-37o
4_161	0	0	i
2_184	0	0	o
6_173	0	0	o
1_149	0	0	o
4_162	0	0	o
5_161	0	0	o
2_185	0	0	o
3_167	1	Y	n4-19c27/28o184-201i
5_162	0	0	i
1_150	0	0	o
6_174	0	0	o
3_168	0	0	o
5_163	0	0	o
4_163	0	0	o
1_151	0	0	o
4_164	0	0	o
3_169	0	0	o
4_165	0	0	o
4_166	1	Y	n4-14c32/33o383-401i
5_164	0	0	o
2_187	0	0	o
1_152	0	0	o
5_165	0	0	o
6_176	0	0	o
4_167	0	0	o
5_166	0	Y	n3-13c18/19o
1_153	0	0	o
3_170	0	0	o
6_177	0	0	o
4_168	1	0	o6-23i
2_188	0	Y	n4-17c25/26o
5_167	0	0	o
2_189	10	0	i31-53o78-99i111-130o142-165i186-209o229-251i298-318o338-360i367-383o403-426i
5_168	8	0	i95-116o128-150i162-184o196-214i348-370o382-403i687-704o710-728i
4_169	0	0	o
1_154	1	0	o6-22i
6_178	0	0	o
3_171	0	0	o
4_170	4	0	i26-46o268-293i313-339o351-375i
1_155	0	0	o
6_179	0	0	o
2_190	0	0	o
1_156	11	Y	n7-18c23/24o259-277i282-302o308-332i353-375o381-405i455-474o570-587i594-615o621-642i677-695o701-727i
3_172	0	0	o
6_180	0	0	o
4_171	0	0	o
3_173	0	0	o
2_191	0	0	o
4_172	0	0	o
5_169	0	0	o
2_192	0	0	o
5_170	1	0	i31-55o
4_173	0	0	o
6_181	0	0	o
3_174	0	0	o
2_193	4	0	i94-118o124-143i163-184o190-211i
4_174	0	Y	n3-14c22/23o
1_157	2	0	i7-26o42-65i
4_175	9	0	i12-39o59-82i94-120o140-161i182-199o219-243i255-276o282-302i322-343o
2_194	7	Y	n18-29c34/35o105-124i145-171o191-212i217-236o275-296i317-335o341-363i
1_158	0	0	o
3_175	6	0	i44-65o146-169i181-199o205-224i259-288o308-331i
5_171	0	0	o
6_182	0	0	o
4_176	0	0	o
5_172	1	0	o82-103i
6_183	4	0	i21-46o52-69i90-112o118-135i
2_195	1	0	i132-149o
6_184	0	0	o
5_173	8	0	i12-36o56-82i94-114o134-153i174-190o196-214i221-242o248-266i
2_196	0	0	o
3_177	0	0	o
1_159	0	0	o
5_174	0	Y	n4-16c21/22o
6_185	0	0	o
1_160	0	0	o
5_175	12	0	i14-34o46-75i95-117o129-150i162-184o196-215i241-266o286-308i320-340o360-381i388-411o417-436i
4_177	0	0	o
6_186	8	0	i9-25o45-65i127-150o156-177i231-253o259-280i292-311o317-336i
2_197	0	0	o
3_178	3	0	o6-22i34-54o92-113i
5_176	13	0	i21-44o50-71i76-93o99-120i132-151o171-190i197-222o242-262i282-302o314-335i342-358o370-399i411-426o
6_187	0	0	o
3_179	0	0	o
1_161	0	0	o
4_178	3	0	i7-32o52-80i92-120o
1_162	0	Y	n6-17c29/30o
4_179	3	0	o6-28i40-62o74-102i
2_198	10	0	i101-126o146-169i176-199o211-230i242-267o287-313i325-345o357-375i387-406o426-445i
6_188	0	0	o
3_180	0	0	o
4_180	6	0	o6-24i44-62o82-103i110-131o137-159i309-329o
5_178	0	0	o
3_181	0	0	o
3_182	0	0	o
4_181	0	0	o
1_163	0	0	o
5_179	0	0	o
6_189	0	0	o
4_182	0	0	o
2_199	0	0	o
4_183	0	Y	n15-30c35/36o
5_180	0	0	i
3_183	1	0	o292-311i
6_190	0	0	o
1_164	0	0	o
5_181	0	0	o
4_184	1	0	o780-797i
2_201	0	0	o
5_182	12	0	i24-42o48-67i74-92o98-122i134-156o168-185i192-216o236-255i315-341o347-369i381-398o404-421i
2_202	7	Y	n4-15c20/21o179-206i235-259o265-290i311-333o615-637i658-678o684-703i
3_184	0	Y	n8-20c25/26o
6_191	0	Y	n7-18c30/31o
1_165	1	0	o6-22i
5_183	0	0	o
1_166	0	0	o
3_185	2	0	o6-24i31-49o
4_185	0	0	o
1_167	10	0	i21-44o78-100i107-127o147-164i176-194o206-226i238-258o264-281i293-316o336-361i
3_186	0	0	o
5_184	0	0	o
2_203	0	Y	n5-16c23/24o
3_187	0	0	o
6_192	0	0	o
1_168	0	0	o
2_204	11	Y	n12-19c27/28o51-68i80-100o106-123i135-157o163-182i213-231o251-272i284-301o307-334i346-365o371-392i
5_185	0	0	o
1_169	0	0	o
4_186	2	0	o6-23i35-53o
5_186	0	0	o
2_205	2	0	i65-85o91-117i
6_193	0	0	o
3_188	7	0	i26-45o51-69i81-103o109-130i142-160o166-184i196-221o
2_206	0	0	o
1_170	0	0	o
6_194	0	0	o
4_187	0	0	o
4_188	8	0	o12-35i47-67o73-95i122-147o153-169i190-214o220-238i250-268o
3_189	0	0	o
2_207	0	0	o
1_171	0	0	o
3_190	0	0	o
2_208	0	0	o
4_189	1	0	o6-26i
6_195	0	0	i
6_196	6	0	i12-33o53-72i92-117o129-151i172-189o195-214i
3_191	0	0	i
1_172	0	Y	n4-16c20/21o
3_192	0	0	o
6_197	0	0	o
5_188	0	0	o
4_190	0	0	i
1_173	0	0	o
6_198	0	0	o
4_191	4	0	i5-23o35-56i84-103o109-132i
4_192	0	0	o
3_193	0	0	o
2_209	0	0	o
1_174	0	0	o
5_189	0	0	o
2_210	10	0	i27-49o69-95i107-129o141-164i197-218o238-263i296-316o347-370i377-396o402-422i
4_193	5	0	o12-31i38-58o70-91i103-123o143-174i
6_199	0	0	o
5_190	0	0	o
4_194	0	0	o
3_194	0	0	o
5_191	0	Y	n3-10c15/16o
2_211	0	0	o
3_195	10	0	i31-48o60-81i102-127o133-154i166-184o190-206i283-302o308-329i349-369o375-396i
6_201	2	0	i7-25o31-49i
4_195	10	0	o6-23i32-50o56-76i88-108o114-135i147-167o179-197i209-231o237-255i262-284o
6_202	0	Y	n4-15c23/24o
5_192	0	0	o
1_175	2	0	o6-28i168-187o
6_203	0	Y	n3-11c16/17o
4_196	0	0	o
3_196	0	0	o
2_212	0	0	o
1_176	0	0	o
3_197	0	0	o
5_193	0	0	o
6_204	6	0	i7-26o46-67i79-103o109-129i152-175o181-201i
3_198	0	Y	n6-16c20/21o
1_177	3	Y	n12-23c31/32o324-344i364-385o457-477i
4_197	0	0	o
3_199	4	0	i18-40o52-73i104-127o133-152i
6_205	0	0	o
5_194	0	0	o
4_198	0	Y	n5-16c24/25o
2_213	0	0	o
3_200	0	Y	n5-16c21/22o
6_206	0	0	o
4_199	9	0	o20-47i68-89o109-128i140-163o183-201i208-224o230-246i284-305o325-343i
2_214	0	0	o
5_196	0	Y	n6-16c21/22o
6_207	0	0	o
1_178	0	0	o
3_201	0	0	o
2_215	0	0	o
4_200	0	0	o
5_197	0	0	o
6_208	1	0	o15-44i
1_179	0	0	o
3_202	1	0	i433-466o
2_216	0	0	o
6_209	6	0	i24-44o50-71i91-110o122-146i158-185o191-208i
2_217	2	0	i7-31o67-88i
2_218	0	0	o
6_210	0	0	o
4_201	0	0	o
5_198	0	0	o
2_219	0	0	o
6_211	0	Y	n2-10c15/16o
1_180	0	0	o
3_203	0	0	o
1_181	0	0	o
4_202	0	0	o
5_199	0	0	o
2_220	0	0	o
6_212	0	0	o
1_182	0	0	o
4_203	0	0	o
1_183	5	0	o20-46i58-79o112-132i144-164o180-200i
6_213	0	0	i
2_221	0	0	o
3_204	0	0	o
6_214	4	0	i15-40o241-263i283-313o325-347i
5_200	0	0	o
1_184	1	0	i12-31o
me=+3	0	0	o
2_222	0	0	o
3_205	1	0	o345-367i
4_205	1	Y	n10-21c30/31o2063-2080i
5_201	1	0	i339-360o
2_223	7	0	o6-23i35-52o58-86i107-129o237-256i268-288o294-313i
6_215	2	0	o6-22i152-177o
1_185	0	0	o
3_206	0	0	o
1_186	0	0	o
2_224	0	0	o
6_216	0	0	o
1_187	0	0	o
5_202	0	0	o
3_207	6	0	i21-42o78-95i127-148o160-181i188-212o232-255i
1_188	1	0	i33-54o
6_217	0	0	o
2_225	0	0	o
3_208	0	0	o
5_203	0	0	o
1_189	0	0	o
2_226	0	0	o
5_204	0	0	o
3_209	2	0	o6-25i37-58o
1_190	0	0	o
6_219	0	0	o
3_210	1	0	i42-62o
2_227	0	0	o
5_205	0	0	o
2_228	0	0	i
5_206	0	0	o
5_207	0	0	o
1_191	0	0	o
2_230	1	0	o6-25i
1_192	0	0	o
3_211	0	0	o
4_206	0	0	o
2_231	1	0	o6-25i
5_208	0	0	o
3_212	6	0	i12-32o44-61i82-103o115-136i157-176o182-200i
2_232	0	0	o
6_220	0	0	o
1_193	0	0	o
5_209	0	0	o
3_213	3	0	i38-58o78-104i125-148o
6_221	14	0	i21-48o60-80i87-111o117-138i145-168o174-195i207-227o233-255i275-300o312-333i340-359o365-391i412-429o460-479i
1_194	0	0	o
4_209	0	0	o
2_233	1	0	i141-164o
1_195	0	0	o
5_210	0	0	o
4_210	0	0	o
1_196	0	0	i
3_214	0	0	o
4_211	1	0	o77-94i
1_197	0	0	o
6_222	0	0	o
1_198	0	0	o
4_212	4	0	o6-24i36-55o61-78i90-117o
3_215	0	0	o
2_235	0	0	i
5_211	0	0	i
1_199	1	0	i12-28o
5_212	0	0	o
1_200	0	0	o
4_215	0	0	o
3_216	0	0	o
1_201	10	0	o12-31i195-217o237-259i271-289o295-312i324-342o354-376i388-405o417-434i441-459o
4_216	0	0	o
5_213	0	0	o
2_236	0	0	o
4_217	0	0	o
5_214	0	0	o
3_217	0	0	o
4_218	0	0	o
5_215	0	0	o
2_237	0	0	o
3_218	12	0	i12-30o50-70i82-100o106-125i146-165o171-192i213-233o253-270i277-298o304-325i337-359o371-389i
1_202	0	0	o
5_216	0	0	o
4_221	0	0	o
5_217	0	0	o
4_223	0	0	o
1_203	0	0	i
3_219	12	0	i12-30o42-61i73-90o96-112i133-153o159-177i212-229o249-269i276-297o303-326i338-358o364-385i
1_204	0	0	o
2_238	0	Y	n6-17c22/23o
4_224	2	0	i7-25o776-793i
2_239	0	0	o
3_220	7	Y	n14-25c29/30o81-98i119-146o161-181i188-206o254-272i293-311o323-344i
2_240	0	0	o
1_205	0	0	o
3_221	1	0	i131-148o
2_241	0	0	o
1_206	0	0	o
5_218	0	0	o
3_222	0	0	o
2_242	12	0	i12-31o51-70i79-106o112-130i142-164o170-188i216-234o254-274i283-301o307-330i342-362o374-393i
4_225	1	0	i12-31o
3_223	0	0	o
1_207	0	0	o
5_219	0	0	o
3_224	0	0	o
5_220	0	0	o
2_243	0	0	o
3_225	0	0	o
1_208	0	0	o
4_226	0	0	o
3_226	0	0	o
2_244	14	0	i12-35o47-66i78-95o101-124i136-158o164-182i198-217o223-245i265-286o298-319i331-351o357-376i397-422o428-450i
5_221	0	Y	n7-19c24/25o
4_227	0	0	o
3_227	0	0	o
1_209	0	0	i
3_228	0	0	o
1_210	0	0	o
4_228	1	0	o14-34i
2_245	0	0	o
5_222	1	0	i20-39o
4_229	0	0	o
3_229	0	0	i
2_246	0	0	o
3_230	7	Y	n5-16c34/35o44-63i83-103o109-130i137-158o218-240i252-274o307-328i
1_211	0	0	o
4_230	0	0	o
4_231	1	0	i14-35o
3_231	5	Y	n9-20c28/29o282-308i329-349o355-375i430-448o454-475i
1_212	0	0	o
1_213	0	0	o
2_247	1	Y	n6-17c25/26o895-912i
3_232	0	0	o
4_232	1	0	i24-45o
1_214	0	0	i
1_215	0	0	o
3_233	0	0	o
4_233	1	0	i15-38o
1_216	0	0	o
4_234	0	0	o
3_234	0	0	o
1_217	8	0	i18-35o293-311i323-344o350-369i374-390o396-414i421-443o455-478i
2_248	0	0	o
4_235	6	0	i12-33o53-73i85-109o115-136i148-168o203-221i
3_235	11	0	o15-35i47-72o92-114i126-147o167-183i188-208o236-261i315-334o340-359i371-398o410-428i
2_249	0	0	o
4_236	6	0	i12-30o56-75i87-107o113-130i170-190o196-214i
3_236	3	0	i7-24o30-53i65-87o
4_237	0	0	o
2_250	0	0	o
3_237	0	0	o
1_218	0	0	o
1_219	3	0	i33-51o57-77i98-122o
4_238	7	Y	n2-10c16/17o26-42i54-78o98-116i128-146o152-169i189-209o595-614i
1_220	0	0	o
2_251	0	0	o
3_238	1	0	o44-62i
1_221	0	0	o
3_239	0	0	o
3_240	0	0	o
me=-3	1	0	o13-34i
2_252	11	0	i12-33o45-64i76-94o100-124i136-157o163-182i203-225o237-255i267-300o329-348i355-374o
3_241	0	0	o
4_239	1	0	o20-40i
1_223	0	0	o
3_242	0	0	o
2_253	0	0	o
4_240	0	0	o
3_243	0	0	o
1_224	0	0	o
2_254	0	0	o
2_255	0	0	o
3_244	6	0	i15-39o59-80i87-107o113-136i156-173o179-197i
1_225	0	0	o
4_241	0	0	o
2_256	0	0	o
3_245	4	0	o6-24i36-55o61-82i94-112o
2_257	0	0	o
3_246	0	0	o
2_258	0	0	o
4_242	12	0	i12-36o42-62i90-114o120-144i151-169o189-210i222-244o264-290i302-320o326-348i360-385o397-414i
3_247	0	0	o
1_226	0	0	o
2_259	0	0	o
4_243	0	0	o
1_227	0	0	o
1_228	0	0	o
4_244	0	0	o
2_260	0	Y	n5-14c19/20o
1_229	0	0	o
3_248	0	0	o
2_261	0	0	o
4_245	0	0	o
2_262	0	0	o
1_230	0	0	o
1_231	0	0	o
2_263	6	0	i14-35o81-103i115-136o148-168i189-214o246-267i
1_232	0	0	o
2_264	5	Y	n3-16c21/22o63-84i96-117o149-175i196-219o251-269i
3_249	0	0	o
2_265	0	Y	n5-15c20/21o
1_233	0	0	o
3_250	0	0	o
3_251	0	0	o
2_266	0	0	o
3_252	10	0	o303-326i347-367o373-404i424-444o456-475i487-507o513-529i541-561o567-585i606-626o
1_234	0	0	o
1_235	0	0	o
2_267	0	0	o
3_253	0	0	o
1_236	0	0	o
1_237	9	0	o15-34i41-59o65-86i98-121o141-159i179-195o201-221i228-249o255-274i
2_268	0	0	o
1_238	0	0	o
3_255	0	0	o
1_239	0	Y	n9-20c25/26o
2_269	0	0	i
1_241	7	0	o12-34i41-60o66-86i135-158o164-183i190-209o215-234i
3_257	0	0	o
2_270	14	0	i12-34o46-65i77-95o101-123i135-158o170-189i201-221o233-251i272-293o305-325i337-358o364-391i412-429o449-466i
1_242	0	0	o
3_258	0	0	o
2_271	0	0	o
1_243	3	0	o136-167i179-197o203-224i
2_272	0	0	o
3_259	0	0	o
2_273	0	0	o
1_244	0	0	o
3_260	0	0	o
1_245	1	0	i20-44o
2_274	0	0	o
3_262	0	0	o
2_275	12	0	i12-35o41-65i77-97o103-124i136-158o164-183i224-249o261-279i291-310o316-338i350-373o379-401i
3_263	0	0	o
1_246	0	0	o
2_276	0	0	o
3_265	3	0	o23-48i69-89o197-216i
1_247	0	0	o
3_266	0	Y	n7-18c23/24o
2_277	0	0	o
1_248	0	0	o
2_278	0	0	o
3_267	0	0	o
3_268	0	0	o
1_249	0	0	o
2_280	0	0	i
3_269	0	0	o
2_281	0	0	i
2_282	0	0	o
3_270	12	0	o6-24i31-49o55-71i83-107o113-135i156-177o183-204i225-252o272-290i311-332o352-374i386-410o
1_250	0	0	o
2_283	0	0	o
1_251	2	0	o6-24i31-53o
3_271	0	0	o
1_252	0	0	o
2_284	0	0	o
2_285	10	0	i12-39o59-80i92-113o133-158i165-186o192-213i313-335o355-374i386-408o414-431i
3_272	12	0	i9-27o47-67i74-95o101-123i135-155o161-181i206-224o254-273i280-301o307-332i344-364o370-390i
1_253	0	0	o
1_254	5	0	o6-29i50-67o73-96i117-142o154-176i
3_273	0	0	o
2_287	0	0	o
1_255	0	0	o
3_274	6	0	i7-25o31-54i66-84o90-112i119-138o144-169i
3_275	0	0	o
2_288	0	0	o
1_256	5	0	o20-44i51-74o80-97i137-159o179-198i
3_276	0	0	o
1_257	0	Y	n5-20c24/25o
3_277	5	Y	n16-27c32/33o726-745i766-788o794-816i828-851o879-900i
1_258	6	0	o26-48i60-81o87-107i128-145o151-172i184-205o
2_289	0	0	o
1_259	11	0	i37-56o76-98i118-141o147-168i175-200o220-240i261-291o311-328i359-378o384-404i424-445o
1_260	0	0	o
3_278	0	0	i
2_290	3	0	i5-22o28-49i61-79o
1_261	6	0	o20-42i54-74o80-97i133-159o179-198i210-230o
3_279	12	0	i7-25o37-61i82-111o123-141i153-176o196-219i231-255o283-305i332-354o360-387i408-427o439-461i
2_291	0	0	o
1_262	0	0	o
3_280	0	0	o
2_292	0	0	o
1_263	0	0	o
2_293	0	0	o
3_281	0	0	o
1_264	9	0	i12-29o35-54i66-84o134-158i165-181o201-220i232-256o262-282i294-324o
2_294	0	0	o
1_265	0	0	o
2_295	2	0	i12-31o37-56i
2_296	0	0	o
1_266	12	0	i20-43o49-70i82-100o106-126i147-170o176-197i233-254o266-286i298-316o322-344i356-381o387-406i
2_297	0	Y	n13-24c36/37o
1_267	6	0	i5-25o37-59i71-92o112-132i137-156o168-186i
2_298	2	Y	n8-19c23/24o42-66i87-107o
1_268	0	0	o
2_299	15	0	o12-34i55-76o96-117i138-160o180-206i226-248o268-291i303-329o335-354i375-398o413-433i445-467o487-511i580-597o603-620i
1_269	1	0	o368-386i
2_300	5	0	i21-44o64-85i97-116o136-160i180-200o
1_270	1	Y	n7-18c29/30o416-433i
2_301	3	0	i21-43o49-68i80-101o
2_302	1	0	i7-28o
1_271	1	0	o95-111i
1_272	0	0	o
2_303	0	0	o
1_273	4	0	i12-37o74-98i119-137o143-164i
1_274	12	0	i12-28o48-69i76-103o109-126i133-155o161-179i211-234o240-262i274-292o298-316i337-357o363-381i
2_304	0	Y	n13-24c32/33o
1_275	0	0	o
2_305	0	0	o
1_276	0	0	o
1_277	0	0	o
2_307	0	0	o
2_308	7	0	o6-31i38-60o66-87i94-113o148-169i181-199o205-238i
2_310	0	0	o
1_278	0	0	o
2_311	0	0	o
1_279	0	0	o
2_312	11	0	i109-136o142-161i173-194o214-237i257-278o284-304i311-330o336-356i368-388o394-419i440-461o
1_280	0	0	o
2_313	0	0	o
2_314	1	0	o6-22i
2_315	0	0	o
1_281	0	0	o
1_282	0	0	o
2_316	5	Y	n6-21c25/26o49-68i97-120o126-147i156-175o208-231i
1_283	0	0	o
1_284	0	Y	n4-16c21/22o
2_318	6	0	i16-36o56-75i106-139o159-180i192-215o221-247i
2_320	3	0	i7-25o37-60i72-102o
1_285	0	0	o
2_321	0	0	o
2_322	0	0	o
1_286	0	0	o
2_323	0	0	o
1_287	4	0	i7-26o38-58i83-107o164-182i
2_324	0	0	o
1_288	1	0	i121-139o
1_289	0	0	o
1_290	0	0	o
2_325	12	0	i35-55o75-100i112-131o151-170i191-215o235-254i259-278o298-318i330-351o357-376i383-400o406-427i
1_291	0	0	o
2_326	0	0	o
1_292	9	0	o6-27i34-55o67-89i96-118o154-171i201-220o226-244i256-275o281-299i
2_327	0	0	o
1_293	10	0	i7-31o58-76i83-99o105-125i137-156o190-208i238-258o264-284i291-312o318-336i
2_328	12	0	i12-31o37-54i86-107o119-137i144-170o190-212i224-247o272-303i324-343o349-372i392-415o427-447i
1_294	0	0	o
2_329	0	0	o
1_295	0	Y	n5-16c21/22o
2_330	0	Y	n5-15c23/24o
2_331	0	0	o
1_296	0	0	o
2_332	0	0	o
1_297	5	0	i26-48o60-81i93-113o140-160i167-189o
2_333	4	0	i27-49o55-85i160-179o191-209i
2_334	0	0	o
1_298	6	0	i27-50o62-89i96-114o126-144i165-186o192-210i
2_335	0	0	i
2_336	0	0	o
1_299	0	0	o
2_337	0	0	i
2_338	0	Y	n5-15c19/20o
1_300	0	0	o
2_339	5	0	o49-74i86-104o110-130i151-168o174-193i
1_301	0	0	o
2_340	0	0	i
2_341	6	0	i7-26o32-65i77-99o111-132i152-175o187-207i
1_302	0	0	o
1_303	1	0	o13-32i
1_304	5	Y	n6-19c24/25o48-72i134-153o173-193i205-221o227-247i
2_342	0	0	i
1_305	2	0	o17-37i177-200o
2_343	2	0	i12-31o37-55i
1_306	0	0	o
1_307	0	0	o
2_344	0	0	o
2_345	0	0	o
1_308	0	0	i
2_346	0	0	o
1_309	1	0	o6-30i
1_310	0	0	o
2_347	0	0	i
1_311	0	0	o
2_348	5	Y	n7-18c25/26o873-892i912-940o946-966i973-991o1031-1052i
1_312	0	0	o
1_313	0	0	o
1_314	0	0	o
2_350	0	0	o
2_351	1	0	i220-240o
1_315	0	0	o
2_352	2	0	i207-227o233-253i
1_316	0	0	o
1_317	0	0	o
1_318	0	0	o
1_319	0	0	o
2_353	0	0	o
2_354	0	0	o
2_355	0	0	o
1_320	0	0	o
2_356	0	0	o
1_321	0	0	o
2_357	1	0	i209-237o
1_322	0	0	o
1_323	0	0	o
2_358	0	0	o
1_324	0	0	o
2_359	0	Y	n3-13c21/22o
1_325	0	0	i
2_360	0	0	o
1_326	0	0	i
2_361	0	0	o
1_327	0	0	o
2_362	6	0	i28-46o58-75i87-106o126-146i175-194o200-220i
1_328	0	0	o
1_329	0	0	o
2_363	2	0	i28-49o55-74i
2_364	3	0	o20-43i76-96o102-122i
1_330	0	0	o
2_365	0	0	i
2_366	0	0	o
1_331	4	0	i103-131o151-170i208-227o239-257i
2_367	0	0	o
1_332	2	0	i7-24o30-49i
1_333	1	0	o6-23i
2_368	0	0	o
1_334	0	0	o
2_369	0	0	o
1_335	0	0	o
2_370	0	Y	n5-16c21/22o
1_336	0	0	o
2_371	0	0	i
2_372	0	0	i
2_373	0	0	o
2_374	0	0	o
1_337	0	0	o
2_376	0	0	o
2_377	0	0	o
2_378	0	0	o
1_338	3	0	i113-132o161-180i309-334o
2_380	0	0	i
1_340	1	0	o6-29i
2_381	0	0	o
2_382	0	0	o
1_342	1	0	i21-42o
2_383	0	0	o
1_343	1	0	o6-29i
1_344	0	Y	n6-17c22/23o
2_384	0	0	o
1_345	0	0	o
2_385	0	0	o
1_346	0	0	o
1_347	7	0	i183-201o234-254i266-284o290-308i313-335o341-358i370-388o
2_386	0	0	o
2_389	0	0	o
2_390	0	0	o
1_348	0	0	i
2_391	0	0	o
1_349	0	0	o
1_350	0	Y	n4-16c21/22o
2_393	0	0	o
1_351	0	Y	n8-20c32/33o
2_396	0	0	o
2_397	0	0	o
1_352	0	0	o
1_353	0	0	o
2_399	0	0	o
1_354	0	0	o
1_355	0	0	o
2_400	0	0	o
2_401	0	0	o
1_356	0	0	o
2_402	0	0	o
2_403	0	0	o
1_357	0	0	o
1_358	0	0	o
2_405	0	0	o
1_359	0	0	o
2_406	0	0	o
1_360	0	Y	n5-12c17/18o
1_361	0	0	i
2_407	0	0	o
1_362	0	0	o
2_408	0	0	o
1_363	0	0	o
1_364	0	0	o
2_409	0	0	o
2_411	0	0	o
2_412	0	0	o
2_413	0	0	o
me=+1	0	0	o
2_414	0	0	o
2_415	2	0	i582-604o610-631i
1_365	0	0	o
1_366	5	0	o6-25i173-194o305-326i347-369o393-412i
1_367	0	Y	n4-14c19/20o
2_416	0	0	o
1_368	7	0	o6-37i49-65o77-98i110-127o133-153i174-193o199-219i
1_369	0	0	o
2_418	0	0	o
2_419	0	0	o
1_370	0	0	i
2_420	0	0	o
2_421	1	0	i50-70o
2_422	4	0	i12-32o56-76i88-107o113-133i
1_371	0	0	o
2_423	0	Y	n13-26c31/32o
2_424	0	0	i
2_425	0	0	o
1_372	0	0	o
1_373	0	0	o
2_426	0	0	o
2_427	0	0	o
1_374	0	0	o
2_428	0	0	i
2_429	0	0	o
1_375	0	0	o
1_376	0	0	o
1_377	1	0	o6-23i
2_431	0	0	o
1_378	0	0	o
me=+2	0	0	o
2_433	1	Y	n11-22c30/31o81-99i
2_434	0	0	o
2_435	0	0	o
1_379	0	0	i
1_380	1	0	i12-33o
1_381	0	0	i
2_436	0	0	o
1_382	0	0	o
2_437	1	0	i5-26o
1_383	12	0	o6-21i28-48o54-72i93-109o115-131i138-158o178-200i225-242o248-268i280-298o310-333i404-430o
1_384	0	0	o
1_385	0	0	i
1_386	0	0	o
1_387	0	0	o
1_388	0	0	o
1_389	0	0	o
1_390	0	0	o
2_439	1	Y	n3-16c34/35o50-76i
2_440	1	0	i7-26o
1_391	0	0	o
2_441	0	0	o
1_392	11	0	i12-32o38-59i80-98o143-164i176-195o207-225i237-257o263-286i307-324o330-349i384-405o
2_442	0	0	o
2_443	0	0	o
1_393	1	Y	n10-21c30/31o586-604i
2_444	0	0	i
2_445	5	0	o6-35i56-78o84-103i123-144o156-177i
2_446	0	0	o
1_394	0	0	o
1_395	0	0	o
2_447	0	0	o
2_448	6	Y	n4-15c20/21o30-52i64-85o97-118i139-162o182-202i209-239o
2_449	3	0	i124-147o260-277i284-302o
1_396	0	0	o
2_450	0	0	o
2_451	0	0	i
2_452	0	0	o
1_397	0	0	o
1_398	5	0	o6-29i50-76o82-104i116-136o148-178i
2_453	1	0	o12-32i
2_454	0	0	o
1_399	0	0	o
2_455	0	0	o
1_400	0	0	o
2_456	1	0	i83-111o
1_401	0	0	o
2_457	0	Y	n4-15c23/24o
1_402	0	0	o
1_403	0	0	o
1_404	0	0	o
2_458	0	0	o
1_405	0	0	o
2_459	5	0	i35-60o72-90i151-171o177-196i257-278o
1_406	0	0	o
2_460	5	0	i16-38o54-72i137-154o160-178i249-266o
1_407	0	0	o
2_461	0	0	o
1_408	0	0	o
2_462	0	0	o
2_463	0	0	o
1_410	0	0	o
2_464	0	0	o
1_411	1	0	o12-36i
2_465	0	0	o
1_412	1	0	i18-39o
2_466	0	0	o
1_413	1	0	i12-32o
2_467	0	0	i
2_468	0	0	o
1_414	0	0	o
2_469	0	0	o
2_470	0	0	o
2_471	0	0	o
1_415	0	0	o
2_472	0	0	o
2_473	8	0	i146-164o184-210i217-236o242-262i274-297o303-324i336-355o361-380i
1_416	0	0	o
2_474	0	0	o
1_417	0	Y	n8-18c23/24o
1_418	0	Y	n6-19c24/25o
2_475	0	0	o
1_419	0	0	i
1_420	0	0	o
1_421	8	0	i113-131o137-157i169-192o198-221i228-246o281-301i313-332o338-361i
2_477	0	0	o
2_478	0	0	i
2_479	0	0	i
1_422	0	0	i
2_480	3	0	o25-44i64-83o89-107i
1_423	0	0	o
2_481	0	0	o
2_482	1	Y	n11-22c34/35o760-778i
1_424	0	0	i
1_425	0	0	o
1_426	0	0	o
2_483	0	0	o
1_427	10	0	i105-129o149-176i188-209o229-248i260-284o304-324i344-365o377-393i400-422o442-464i
2_484	0	0	o
1_428	0	0	o
2_485	0	0	o
2_486	0	0	o
1_429	0	0	o
2_487	0	Y	n4-17c21/22o
1_430	1	0	o6-26i
1_431	1	0	i12-34o
1_432	5	Y	n13-24c28/29o44-69i76-94o100-122i143-165o171-189i
2_488	6	0	i12-30o99-123i135-162o182-200i237-262o282-308i
1_433	2	0	i7-28o40-58i
1_434	0	0	o
2_489	6	0	i38-57o99-124i136-156o162-179i218-244o264-286i
1_435	11	0	i12-34o46-64i76-103o109-126i138-157o163-185i206-233o239-259i280-310o330-351i363-382o
2_490	0	0	o
2_491	0	0	o
2_492	0	0	o
1_436	0	Y	n4-14c18/19o
2_493	0	0	o
1_437	0	0	o
1_438	0	0	o
2_494	0	0	o
1_439	0	0	o
2_495	0	0	o
2_496	0	0	o
2_497	0	0	o
1_440	0	0	o
2_498	0	0	i
1_441	0	0	o
2_499	0	0	o
2_500	0	0	o
1_442	0	0	o
2_501	0	0	o
2_502	0	Y	n8-19c23/24o
1_443	0	0	o
1_444	0	0	o
2_503	0	Y	n7-18c23/24o
1_445	1	0	o1038-1056i
2_504	0	0	o
2_506	0	0	o
2_507	0	0	o
1_446	0	0	o
1_447	0	0	o
2_508	0	0	o
1_449	0	0	o
2_509	1	Y	n11-21c33/34o668-686i
1_450	0	0	o
1_451	0	0	o
1_452	0	0	i
1_453	3	0	o7-24i36-54o60-78i
2_510	1	Y	n14-25c36/37o559-577i
1_454	1	0	o12-33i
1_455	0	0	o
1_456	0	0	o
1_457	0	0	o
2_511	0	0	o
1_458	0	0	o
2_512	0	0	o
2_513	0	0	o
2_514	0	0	o
1_460	5	0	o565-591i598-620o626-645i666-689o709-731i
2_515	0	0	o
2_516	0	0	o
2_518	0	0	i
2_519	10	0	o6-24i31-48o54-71i92-110o116-135i147-167o179-195i207-226o232-254i263-283o
1_461	0	0	o
2_520	0	0	o
1_462	0	0	o
1_464	0	0	o
2_521	1	Y	n7-18c30/31o400-418i
1_466	0	0	o
1_467	0	0	o
2_522	9	0	i28-46o52-73i85-105o111-133i145-165o171-191i203-223o229-251i260-280o
1_468	0	0	o
2_523	0	0	o
1_469	0	0	o
1_470	0	0	o
2_524	0	0	o
1_471	0	0	o
2_525	6	0	i12-33o74-95i107-127o156-180i201-223o261-281i
2_526	6	0	i20-42o77-103i115-135o147-167i188-210o246-267i
1_472	0	0	i
2_527	0	Y	n5-16c21/22o
1_473	0	0	o
1_476	0	0	o
2_528	0	0	o
1_477	0	0	o
1_478	0	0	o
1_479	0	0	o
2_529	0	0	o
1_480	0	0	o
1_481	0	0	o
2_530	0	0	o
1_482	0	0	o
1_483	0	0	o
1_485	0	0	o
1_486	0	0	o
1_487	0	0	o
2_531	0	0	o
1_488	0	0	o
1_490	0	0	o
2_532	1	0	i15-34o
1_491	0	0	o
1_493	0	0	i
1_495	0	0	o
2_533	0	0	o
1_496	0	0	o
2_534	0	0	o
1_498	0	0	o
2_535	0	0	o
2_536	0	0	o
1_499	1	0	i28-48o
1_500	1	0	i12-32o
1_501	0	0	o
1_502	0	0	i
1_503	0	0	o
2_537	0	0	o
1_504	0	0	o
1_505	0	0	o
2_538	0	0	i
1_506	0	Y	n4-16c21/22o
1_507	0	0	o
2_539	1	0	i7-26o
2_540	0	0	o
1_508	0	0	o
2_541	3	Y	n20-33c38/39o273-295i316-347o353-379i
1_509	0	0	o
1_510	0	0	o
1_511	0	0	o
2_542	0	0	o
2_543	0	0	i
1_512	0	0	o
2_544	0	0	o
1_513	0	0	o
2_545	0	0	o
1_514	0	0	o
2_546	0	0	o
2_547	0	Y	n10-21c29/30o
1_515	0	0	o
1_516	0	0	o
2_548	0	Y	n6-16c24/25o
1_517	0	0	o
2_549	0	0	o
1_518	4	0	o6-23i28-44o81-105i117-141o
2_550	1	Y	n6-16c23/24o573-592i
1_519	0	0	o
1_520	0	0	o
2_551	0	Y	n6-17c25/26o
1_521	0	0	o
1_522	11	Y	n10-22c30/31o174-194i201-222o234-253i281-300o306-337i358-379o885-904i911-935o947-966i987-1010o1016-1036i
2_552	1	0	o6-27i
2_553	0	Y	n7-18c23/24o
2_554	0	0	o
2_555	0	0	o
2_556	0	0	o
1_523	0	0	o
2_557	0	0	o
1_524	8	0	i21-38o608-629i650-676o696-720i774-794o1004-1026i1060-1081o1101-1121i
2_558	0	0	o
2_559	0	0	o
2_560	0	0	o
1_525	0	0	o
1_526	0	0	o
2_561	14	Y	n12-22c27/28o51-72i93-113o119-140i161-180o186-204i236-256o288-310i322-344o364-382i389-410o416-437i449-472o478-498i510-527o
1_527	0	0	o
2_562	0	0	i
2_563	1	0	i33-55o
2_564	0	0	o
1_528	0	0	o
1_529	0	0	o
2_565	0	0	o
1_530	0	0	o
1_531	0	0	o
2_566	2	0	i7-25o127-148i
1_532	0	Y	n9-21c29/30o
1_533	0	0	o
2_567	0	0	o
1_534	2	0	i121-140o146-164i
2_568	0	0	o
1_535	0	0	i
1_536	0	0	o
2_569	0	0	o
1_537	4	Y	n2-12c20/21o36-59i71-92o98-118i130-147o
1_538	4	Y	n9-22c27/28o37-62i78-101o107-130i137-153o
1_539	0	0	o
1_540	0	0	o
2_570	0	0	o
2_571	0	0	o
2_572	0	0	o
1_541	0	0	o
2_573	0	0	o
1_542	5	0	o22-55i62-84o90-109i116-139o145-166i
1_543	2	0	i7-24o65-84i
2_574	0	0	o
1_544	6	Y	n7-20c28/29o38-59i71-88o108-129i136-155o167-192i204-229o
1_545	0	0	o
1_546	0	Y	n4-11c15/16o
1_547	0	0	o
1_548	0	0	o
1_549	0	0	o
1_550	0	0	o
1_551	0	0	o
1_552	0	0	o
1_553	0	0	o
1_554	0	0	o
1_555	0	0	o
1_557	0	0	o
1_558	5	0	o6-24i36-56o68-87i99-121o127-150i
1_559	0	0	o
1_560	0	0	o
1_561	10	0	i7-25o37-58i65-86o106-131i138-161o167-187i199-218o238-260i304-325o331-354i
1_562	0	0	o
1_563	0	0	o
1_564	0	0	o
1_565	0	0	o
1_566	0	0	o
1_567	0	0	o
1_568	0	0	o
1_569	0	Y	n5-15c20/21o
1_570	0	0	o
1_571	0	0	o
1_572	0	0	o
1_573	0	0	o
1_574	0	0	o
1_576	0	0	o
1_577	0	0	o
1_578	0	0	o
1_579	0	0	o
1_580	7	0	o6-27i34-55o61-79i86-105o132-151i163-184o211-233i
1_581	0	0	o
1_582	0	0	o
1_583	0	0	o
1_584	0	0	o
1_585	0	0	o
1_586	0	0	o
1_587	0	0	o
1_588	0	0	o
1_589	0	0	o
1_590	0	0	o
1_591	0	0	o
1_592	0	0	o
1_593	0	0	o
1_594	0	0	o
1_595	0	0	o
1_596	0	0	o
1_597	0	0	o
1_598	0	0	o
1_599	7	0	i32-56o62-85i106-128o134-153i165-188o194-214i226-247o
1_600	0	0	o
1_601	0	0	o
1_602	0	0	i
1_603	0	0	o
1_604	0	0	o
1_605	0	0	o
1_606	0	0	o
1_607	0	0	o
1_608	0	0	o
1_609	0	0	i
1_610	1	Y	n10-21c32/33o458-477i
1_611	0	0	o
1_612	0	0	o
1_613	0	0	o
1_614	0	0	o
1_615	0	0	o
1_616	6	0	i21-51o57-74i131-154o160-178i247-267o273-299i
1_617	6	0	i15-36o51-68i132-149o155-175i238-259o265-282i
1_618	0	0	o
1_619	0	0	o
1_620	1	0	i7-25o
1_621	0	0	o
1_622	0	0	i
1_623	3	0	o12-32i44-64o76-99i
1_625	0	0	o
1_626	0	0	o
1_627	0	0	o
1_628	0	0	o
1_629	0	0	o
1_630	0	0	i
1_631	1	0	o218-238i
1_632	0	0	o
1_633	0	0	i
1_634	0	0	o
1_635	0	0	o
1_636	0	0	o
1_638	6	0	i12-31o51-73i94-119o131-154i161-180o220-240i
1_639	0	0	o
1_640	0	0	o
1_641	0	0	o
1_642	0	Y	n3-13c18/19o
1_643	0	0	o
1_644	0	0	o
1_645	0	0	o
1_646	0	0	o
1_647	1	0	o6-23i
1_648	0	0	o
1_649	0	0	o
1_650	0	0	o
1_651	0	0	o
1_652	0	Y	n7-18c23/24o
1_653	0	0	o
1_654	0	0	o
1_655	14	0	i7-26o38-54i66-85o117-135i147-168o180-197i202-218o224-252i264-286o403-420i427-445o451-467i488-507o672-692i
1_656	2	0	i238-258o270-295i
1_657	0	Y	n15-22c27/28o
1_658	1	0	i287-306o
1_659	6	0	i30-50o70-91i112-132o144-170i182-202o233-253i
1_660	0	Y	n6-16c20/21o
1_661	0	0	o
1_662	10	0	i12-34o54-72i77-96o116-132i144-161o167-185i192-210o278-304i316-335o355-375i
1_663	0	0	i
1_665	0	Y	n5-16c25/26o
1_666	0	0	o
1_667	0	0	o
1_668	0	0	o
1_669	2	0	i257-276o288-309i
1_670	0	0	o
1_671	0	0	o
1_672	2	0	i105-124o130-149i
1_673	2	0	i12-36o71-95i
1_675	0	0	o
1_676	0	0	o
1_677	0	0	o
1_678	0	0	o
1_679	0	0	o
1_680	0	0	o
1_681	0	Y	n19-27c31/32o
1_682	0	0	o
1_683	0	0	o
1_684	0	0	o
1_685	0	0	o
1_686	0	0	o
1_687	0	0	o
1_688	0	0	o
1_689	0	Y	n4-15c19/20o
1_690	4	0	o6-31i43-61o81-102i191-214o
1_691	0	0	i
1_692	0	0	o
1_693	7	0	o6-30i42-61o100-122i134-152o158-177i189-212o232-249i
1_694	0	0	i
1_695	10	0	i103-124o144-164i176-195o201-224i244-265o285-313i325-343o355-374i381-407o427-448i
1_696	0	0	o
1_697	0	0	o
1_698	0	0	o
1_699	0	0	o
1_700	0	0	o
1_701	0	0	o
1_702	0	0	o
1_703	0	0	o
1_704	1	0	i21-44o
1_705	4	0	i12-34o61-78i90-117o132-149i
1_706	5	0	o20-51i63-84o90-106i111-126o132-156i
1_707	0	0	o
1_708	0	0	o
1_709	1	Y	n9-16c20/21o44-71i
1_710	3	0	i7-24o30-47i59-88o
1_711	0	0	o
1_712	0	0	o
1_713	0	0	i
1_714	0	Y	n5-16c21/22o
1_715	6	0	o47-64i71-87o99-119i140-167o220-239i251-268o
1_716	0	0	o
1_717	3	0	o28-49i85-103o109-138i
1_718	0	0	o
1_719	0	0	o
1_720	0	0	o
1_721	0	0	o
1_722	0	0	o
1_723	0	0	o
1_724	0	0	o
1_725	0	0	o
1_726	7	0	o6-21i28-47o53-83i95-119o125-154i299-318o324-343i
1_727	0	0	o
1_728	0	0	o
1_729	0	0	o
1_730	1	0	i7-28o
1_731	8	0	i9-29o35-53i60-82o94-116i128-149o177-198i210-228o234-252i
1_732	7	0	i7-25o31-49i61-86o106-124i136-153o159-176i183-202o
1_733	0	0	o
1_734	0	0	o
1_735	10	0	i17-38o44-66i78-96o111-130i137-154o160-176i188-210o230-254i266-282o294-319i
1_736	3	0	i7-26o53-71i80-113o
1_738	7	0	o12-35i47-68o74-91i112-137o157-179i191-216o228-245i
1_739	7	0	o12-35i47-68o74-91i111-136o156-174i186-207o227-245i
1_740	12	0	i21-45o51-74i95-118o138-155i167-189o195-215i236-265o285-305i317-340o352-377i389-411o417-437i
1_741	0	0	o
1_742	0	0	o
1_743	6	0	i15-35o55-79i100-130o142-164i176-194o259-279i
1_744	0	0	o
1_746	0	0	o
1_747	0	0	o
1_748	0	0	o
1_749	14	0	i12-31o43-62i74-93o99-120i132-154o160-181i193-212o224-243i263-283o295-316i328-347o353-377i398-416o463-482i
1_750	6	0	i25-47o59-79i100-128o134-156i168-186o224-246i
1_751	0	0	o
1_752	0	0	o
1_753	0	0	o
1_754	0	0	o
1_755	0	0	o
1_756	1	0	i12-33o
1_757	0	0	o
1_758	12	0	o6-26i33-49o55-72i84-106o112-130i142-160o180-204i233-255o275-297i309-327o333-353i365-389o
1_759	0	0	o
1_760	0	Y	n6-17c25/26o
1_761	0	0	o
1_762	0	0	o
1_763	0	0	o
1_764	0	0	o
1_765	0	0	o
1_766	0	0	o
1_767	0	0	o
1_768	4	0	i12-36o42-67i159-182o202-226i
1_769	1	0	o6-25i
1_770	0	0	o
1_771	0	0	o
1_772	11	0	o5-24i45-62o68-85i97-120o126-144i156-174o180-197i204-225o231-253i284-302o308-331i
1_773	0	0	o
1_774	0	0	o
1_775	0	0	o
1_776	0	0	o
1_777	1	Y	n3-22c27/28o51-84i
1_778	1	0	o6-27i
1_779	3	0	i9-33o76-99i106-139o
1_780	1	0	o6-26i
1_781	1	0	i7-25o
1_782	8	0	i12-29o35-54i66-88o133-158i197-219o225-251i263-282o294-327i
1_783	0	0	o
1_784	12	0	i17-34o54-73i80-100o106-126i138-165o171-190i223-243o255-276i283-302o308-331i351-370o376-395i
1_785	0	0	o
1_786	0	Y	n5-16c22/23o
1_787	0	0	o
1_788	0	0	o
1_789	1	0	o554-573i
1_790	0	0	o
1_791	0	0	o
1_792	0	0	o
1_793	2	0	i5-22o28-45i
1_794	0	0	o
1_795	0	0	o
1_796	0	0	o
1_797	13	0	i7-28o75-107i114-132o138-155i162-178o184-202i209-227o359-378i394-411o417-438i450-467o473-492i499-520o
1_798	5	0	o29-52i59-81o111-132i139-162o168-188i
1_799	0	0	o
1_800	0	0	o
1_801	1	0	o6-23i
1_802	0	0	o
1_803	5	0	i12-29o49-68i75-98o132-150i162-181o
1_804	1	0	i70-88o
1_805	7	0	i21-39o178-200i221-245o257-280i287-307o313-335i347-365o
1_806	0	0	o
1_807	0	0	o
1_808	2	Y	n4-14c21/22o31-54i80-99o
1_809	8	0	o12-32i44-68o80-103i110-132o220-237i249-269o275-296i316-334o
1_810	0	0	o
1_811	0	0	o
1_812	0	0	o
1_813	0	0	o
1_814	11	0	i32-52o64-84i96-115o127-149i161-185o191-208i215-239o268-290i302-321o341-364i376-396o
1_815	0	Y	n4-12c18/19o
1_816	0	0	o
1_817	6	0	i26-47o67-96i108-134o154-176i188-218o224-250i
1_818	0	0	i
1_819	8	0	o6-24i55-74o80-102i140-164o188-210i239-260o266-287i348-366o
1_820	0	0	o
1_821	8	0	i12-31o37-59i71-93o161-186i219-244o250-269i276-299o319-346i
1_822	0	0	o
1_823	0	0	o
1_824	0	0	i
1_825	0	0	o
1_826	0	0	o
1_827	0	0	o
1_828	10	0	i31-51o71-90i97-116o136-155i176-200o220-241i283-305o329-348i355-377o389-411i
1_829	0	0	o
1_830	0	0	o
1_831	0	0	o
1_832	0	0	o
1_833	0	0	o
1_834	9	Y	n3-14c19/20o29-45i50-68o74-93i105-129o149-167i174-192o226-248i306-336o356-386i
1_835	0	0	o
1_836	0	0	o
1_837	0	0	o
1_838	0	0	o
1_839	0	0	o
1_840	0	0	o
1_841	0	0	o
1_842	0	0	o
1_843	0	0	o
1_844	0	0	i
1_845	0	0	o
1_846	0	0	o
1_847	0	0	o
1_848	5	0	i20-38o50-69i184-205o225-253i366-394o
1_849	2	0	i21-42o48-71i
1_850	0	Y	n7-18c27/28o
1_851	1	Y	n6-17c25/26o442-459i
1_852	0	0	o
1_853	0	0	o
1_854	0	0	o
1_855	11	0	i40-61o81-100i112-131o143-163i184-202o222-245i252-274o286-308i320-339o345-369i390-412o
1_856	0	0	o
1_857	0	0	o
1_858	0	0	o
1_859	12	0	i12-36o42-65i77-100o106-124i136-161o167-189i209-230o242-261i273-290o296-320i332-357o363-383i
1_860	0	0	o
1_861	0	0	o
1_862	0	0	o
1_863	0	0	o
1_864	5	0	o6-28i49-70o76-93i100-122o128-151i
1_866	0	0	o
1_867	0	0	o
1_868	0	0	o
1_869	0	0	o
1_870	0	0	o
1_871	6	0	i12-33o71-98i110-131o143-164i185-206o246-264i
1_873	0	Y	n6-17c22/23o
1_874	0	0	o
1_875	1	0	o72-88i
1_876	0	0	o
1_877	0	0	o
1_878	4	0	o6-22i29-53o59-78i87-104o
1_879	3	0	o28-46i58-78o84-103i
1_880	0	0	o
1_881	0	0	o
1_882	0	0	o
1_883	0	Y	n5-16c21/22o
1_884	0	0	o
1_885	5	Y	n3-13c21/22o272-296i308-329o341-365i386-404o441-460i
1_886	0	0	o
1_887	0	0	o
1_888	0	0	o
1_889	2	Y	n3-14c19/20o35-53i65-84o
1_890	1	Y	n4-15c19/20o1986-2005i
1_891	10	0	i50-73o79-95i243-264o276-304i681-701o707-727i748-770o782-802i814-834o854-874i
1_892	0	0	o
1_893	10	0	i12-37o49-70i82-105o111-128i140-164o170-188i209-232o252-276i297-324o378-396i
1_894	12	0	i21-43o63-83i95-115o121-138i159-181o193-211i256-274o294-314i323-341o347-367i379-403o423-447i
1_895	5	0	o12-35i95-111o117-135i197-223o229-245i
1_896	4	0	i12-35o55-78i85-102o108-128i
1_897	1	0	o288-308i
1_898	0	0	o
1_899	0	0	o
1_900	0	0	i
1_901	10	0	o6-24i36-55o61-84i91-114o120-141i162-183o189-211i223-243o249-268i280-299o
1_902	0	0	o
1_903	1	0	i12-30o
1_904	9	0	o6-23i43-74o80-98i105-122o128-149i170-194o206-229i241-264o284-303i
1_905	0	0	o
1_906	0	0	o
1_907	0	0	o
1_908	0	0	o
1_909	1	Y	n4-15c19/20o191-210i
1_910	0	0	o
1_911	0	0	o
1_912	10	0	i56-76o82-101i250-270o276-302i669-691o697-715i749-768o774-796i816-840o846-865i
1_913	0	0	o
1_914	0	0	o
1_915	0	0	i
1_916	0	0	o
1_917	0	0	o
1_918	0	0	o
1_919	0	0	o
1_920	0	0	o
1_921	0	0	i
1_922	0	0	o
1_923	1	0	i7-25o
1_924	7	0	i7-30o56-85i97-123o129-152i173-195o201-221i233-252o
1_925	6	0	i7-33o61-83i90-114o134-158i201-218o238-259i
1_926	0	0	o
1_927	0	0	o
1_928	2	0	i12-34o40-57i
1_929	2	0	i12-34o40-59i
1_930	12	0	i12-32o38-55i67-92o98-119i140-163o169-189i201-220o226-243i255-280o300-323i344-368o380-403i
1_931	0	0	o
1_932	0	0	o
1_933	0	0	o
1_934	12	0	i20-39o45-62i99-121o127-145i157-178o198-219i240-259o288-313i339-360o366-392i412-430o450-467i
1_935	0	0	o
1_936	0	0	o
1_937	10	0	i12-29o41-59i79-98o110-127i134-151o157-173i185-205o211-233i245-264o270-292i
1_938	0	0	o
1_939	7	0	o6-23i35-51o57-77i98-120o140-170i182-207o213-232i
1_940	0	0	o
1_941	0	Y	n5-18c23/24o
1_942	0	0	o
1_943	0	0	o
1_944	1	Y	n4-14c19/20o705-722i
1_945	0	0	o
1_946	12	0	i16-34o40-60i97-119o125-142i154-174o194-219i240-259o271-295i331-352o358-383i403-421o427-446i
1_947	0	0	o
1_948	0	0	o
1_949	0	0	o
1_950	0	0	o
1_951	6	Y	n4-15c19/20o29-52i64-84o90-115i136-155o175-195i207-237o
1_952	4	0	o129-153i193-217o237-255i262-283o
1_953	3	0	o6-26i47-65o71-90i
1_954	1	0	o6-27i
1_955	0	0	o
1_956	0	0	o
1_957	0	0	o
1_958	0	0	o
1_959	0	0	o
1_960	0	0	i
1_961	4	0	i27-47o53-74i137-160o166-191i
1_962	0	0	o
1_963	0	Y	n4-15c19/20o
1_964	0	0	o
1_965	0	0	o
1_966	0	0	o
1_967	0	0	o
1_968	0	0	o
1_969	6	0	i18-37o116-136i157-185o223-242i249-269o298-320i
1_970	0	0	o
1_971	1	0	i7-30o
1_972	0	0	o
1_973	0	0	o
1_974	0	0	o
1_975	1	0	i7-29o
1_976	4	0	i261-281o533-562i583-607o627-649i
1_977	6	0	i12-35o41-62i93-113o133-153i165-184o204-226i
1_978	0	0	o
1_979	0	0	o
1_980	0	0	o
1_981	2	0	i98-119o146-165i
1_982	1	0	o591-610i
1_983	3	0	i12-35o55-82i89-122o
1_984	0	0	o
1_985	0	0	o
1_986	0	0	o
1_987	0	0	o
1_988	1	Y	n7-17c29/30o45-66i
1_989	0	Y	n7-18c23/24o
1_990	2	0	i13-35o191-213i
1_991	0	0	o
1_992	0	0	o
1_993	0	0	i
1_994	0	0	o
1_995	0	0	o
1_996	0	0	o
1_997	0	0	o
1_998	0	0	o
1_999	0	0	o
1_1000	2	0	i14-34o444-467i
1_1001	0	0	o
1_1002	0	0	o
1_1003	0	0	o
1_1004	0	0	o
1_1005	0	0	o
1_1006	0	0	o
1_1007	0	0	o
1_1008	0	0	o
1_1009	0	0	o
1_1010	0	0	o
1_1011	1	0	o370-387i
1_1012	1	Y	n7-18c24/25o448-465i
1_1013	0	0	o
1_1014	0	0	o
1_1015	0	0	i
1_1016	0	0	o
1_1017	0	0	o
1_1018	0	0	o
1_1019	0	0	o
1_1020	0	0	o
1_1021	0	0	o
1_1022	0	0	o
1_1023	0	0	o
1_1024	0	0	o
1_1025	0	0	o
1_1026	0	0	o
1_1028	4	0	i7-29o35-54i147-171o183-202i
1_1029	0	0	o
1_1030	0	0	o
1_1031	0	0	o
1_1032	0	0	o
1_1033	7	0	i7-25o31-50i62-85o97-119i191-213o233-254i274-307o
1_1034	4	0	i33-51o85-114i135-157o187-204i
1_1035	6	0	o6-26i38-59o71-94i115-143o163-193i205-229o
1_1036	2	0	o13-39i51-70o
1_1038	1	0	o6-25i
1_1039	0	0	o
1_1040	0	0	o
1_1041	3	0	o25-49i61-81o101-123i
1_1042	0	0	o
1_1043	1	0	o6-25i
1_1044	0	0	o
1_1045	0	0	o
1_1047	7	0	o20-41i61-84o104-132i139-164o170-192i204-221o227-248i
1_1048	0	0	o
1_1049	3	Y	n7-18c25/26o41-58i65-88o94-117i
1_1050	0	0	o
1_1051	0	0	o
1_1052	0	0	o
1_1053	0	0	o
1_1054	0	0	o
1_1055	1	Y	n6-17c25/26o510-531i
1_1056	0	0	o
1_1057	1	0	o784-802i
1_1058	0	0	o
1_1059	0	0	o
1_1060	0	0	o
1_1061	0	0	o
1_1062	5	0	i17-38o58-75i87-105o125-149i161-183o
1_1063	0	0	o
1_1064	0	0	o
1_1065	0	0	o
1_1066	5	0	i21-43o49-69i90-114o160-182i194-224o
1_1067	0	0	o
1_1068	0	0	o
1_1069	6	Y	n20-31c36/37o701-718i739-763o769-793i800-818o824-841i853-874o
1_1070	0	0	o
1_1071	3	0	o174-191i259-279o291-311i
1_1072	3	0	o6-25i32-50o62-86i
1_1073	0	0	o
1_1074	12	0	i32-54o60-80i92-113o157-176i188-205o217-236i257-281o301-324i356-372o378-398i410-429o435-453i
1_1075	4	Y	n3-11c16/17o26-46i53-76o108-125i140-160o
1_1076	0	0	o
1_1077	6	0	i9-29o49-68i80-99o111-133i145-164o200-218i
1_1078	8	0	i12-29o35-53i65-83o89-106i238-257o269-293i577-596o602-620i
1_1079	0	0	o
1_1080	4	0	i21-45o51-74i106-127o133-156i
1_1081	2	0	i9-26o32-51i
1_1082	1	Y	n9-21c29/30o147-170i
1_1083	0	0	o
1_1084	0	0	o
1_1085	0	0	o
1_1086	0	0	o
1_1087	0	0	o
1_1088	9	0	o17-41i53-74o94-113i125-147o167-185i206-229o241-260i267-286o306-326i
1_1089	0	0	o
1_1090	0	0	o
1_1091	0	0	o
1_1092	0	0	o
1_1093	1	Y	n9-20c30/31o1563-1580i
1_1094	9	0	i7-27o84-114i126-159o179-200i212-235o273-292i301-321o341-362i371-392o
1_1095	0	0	o
1_1096	0	0	o
1_1097	0	0	o
1_1098	3	0	i7-28o40-60i67-87o
1_1099	8	0	i7-35o41-62i69-90o96-115i135-164o176-193i200-219o225-244i
1_1100	0	0	o
1_1101	0	0	o
1_1102	3	0	i289-307o327-346i358-375o
1_1103	0	Y	n7-18c23/24o
1_1104	7	0	i21-48o68-97i118-146o166-191i212-240o252-275i308-327o
1_1105	0	0	o
1_1106	0	0	o
1_1107	0	0	o
me=-2	0	0	o
1_1109	0	0	o
1_1110	1	Y	n8-20c28/29o563-583i
1_1111	0	0	o
1_1112	4	0	i37-55o82-102i160-181o187-205i
1_1113	5	Y	n12-23c28/29o52-77i133-150o156-178i242-263o275-296i
1_1114	0	0	i
1_1115	12	0	i12-34o54-77i89-110o130-149i161-179o191-213i249-267o279-298i318-336o356-373i385-405o411-430i
1_1116	3	0	o6-29i41-60o72-97i
1_1117	4	0	i7-26o32-52i64-86o92-115i
1_1118	0	0	o
1_1119	0	Y	n10-20c24/25o
1_1120	3	0	i93-115o121-143i150-170o
1_1121	0	0	o
1_1122	6	0	i7-26o32-50i57-80o86-103i110-132o144-169i
1_1123	0	0	o
1_1124	6	0	i7-25o31-55i62-82o88-108i120-140o146-171i
1_1125	0	0	o
1_1126	0	0	o
1_1127	6	0	i27-52o64-83i110-135o155-175i187-207o235-257i
1_1128	1	0	o69-93i
1_1129	7	0	o6-24i31-49o55-74i95-121o133-152i184-202o208-227i
1_1130	0	0	o
1_1131	4	0	i7-24o44-64i71-90o110-132i
1_1132	0	0	o
1_1133	0	Y	n3-10c15/16o
1_1134	1	Y	n2-10c18/19o304-324i
1_1135	0	Y	n6-21c26/27o
1_1136	7	Y	n2-12c18/19o28-48i68-88o152-177i218-235o241-258i265-290o310-337i
1_1137	0	0	o
1_1138	0	Y	n4-14c18/19o
1_1139	0	0	o
1_1140	0	0	o
1_1141	0	0	o
1_1142	4	0	i113-135o141-158i170-190o231-249i
1_1143	5	0	o6-24i31-49o55-75i82-103o115-138i
1_1144	2	Y	n6-21c28/29o109-128i135-154o
1_1145	0	0	o
1_1146	0	0	o
1_1147	13	0	i12-34o46-67i74-94o100-118i130-147o167-185i192-210o243-271i283-305o317-338i345-364o376-399i411-429o
1_1148	0	0	o
1_1149	0	0	o
1_1151	0	0	o
1_1152	0	0	o
1_1153	0	0	o
1_1154	0	0	o
1_1155	0	0	o
1_1156	0	0	o
1_1157	0	0	o
1_1158	0	0	o
1_1159	0	0	o
1_1160	0	0	o
1_1161	3	0	o117-136i245-264o276-296i
1_1162	0	0	o
1_1163	0	0	o
1_1164	0	0	o
1_1165	14	0	i36-53o59-79i88-105o111-127i148-168o180-199i223-246o252-274i286-302o334-352i364-385o397-421i433-454o460-484i
1_1166	0	0	o
1_1167	0	0	o
1_1168	1	Y	n4-17c25/26o310-330i
1_1169	0	Y	n8-20c25/26o
1_1170	1	Y	n5-16c23/24o72-90i
1_1171	0	Y	n7-18c23/24o
1_1172	0	0	o
1_1173	0	0	o
1_1174	0	0	o
1_1175	0	Y	n3-13c18/19o
1_1176	3	0	o22-47i67-86o142-159i
1_1177	4	0	i187-205o217-236i243-263o304-323i
1_1178	0	0	o
1_1180	0	Y	n16-27c32/33o
1_1181	0	0	o
1_1182	0	0	o
1_1183	0	0	o
1_1184	0	0	o
1_1185	0	0	o
1_1186	0	0	o
1_1187	0	0	o
1_1188	0	0	o
1_1189	4	0	i12-29o35-54i61-80o86-107i
1_1190	1	Y	n4-17c24/25o655-675i
1_1191	4	0	o6-33i305-331o343-361i373-399o
1_1192	1	0	o456-479i
1_1193	10	0	i12-31o106-125i137-158o164-181i188-204o210-226i233-253o388-407i419-440o452-473i
1_1194	0	0	o
1_1195	11	0	i21-41o47-64i71-92o98-119i131-149o169-194i201-218o248-268i324-345o351-369i381-408o
1_1196	4	0	i9-29o41-62i83-105o117-139i
1_1197	0	0	o
1_1198	0	0	o
1_1199	0	0	o
1_1200	14	0	i12-34o54-74i81-99o111-132i144-164o170-189i201-221o227-249i269-292o298-318i330-350o356-377i398-422o442-467i
1_1201	3	Y	n3-14c32/33o56-74i81-98o104-121i
1_1202	0	Y	n11-22c27/28o
1_1203	1	0	i5-23o
1_1204	0	0	i
1_1205	1	Y	n7-18c26/27o587-604i
1_1206	0	0	o
1_1207	0	0	o
1_1208	0	0	o
1_1209	0	0	o
1_1210	0	0	o
1_1211	10	0	o12-31i43-63o97-115i136-160o180-200i220-241o253-276i297-325o331-348i355-373o
1_1212	0	Y	n6-16c21/22o
1_1213	0	0	o
1_1214	0	0	o
1_1215	1	0	o28-53i
1_1216	0	0	o
1_1217	1	0	o153-176i
1_1218	0	0	o
1_1219	0	0	o
1_1220	0	Y	n4-11c17/18o
1_1221	0	0	o
1_1222	0	0	i
1_1223	10	0	i12-35o41-58i70-88o100-119i126-143o149-171i183-200o220-239i251-270o276-301i
1_1224	0	0	o
1_1225	0	0	o
1_1226	0	0	o
1_1227	0	0	o
1_1228	0	0	o
1_1229	0	0	o
1_1230	0	0	o
1_1231	0	0	o
1_1232	0	0	i
1_1233	0	0	i
1_1234	0	0	o
1_1235	0	0	o
1_1236	0	0	o
1_1237	0	0	o
1_1238	0	0	o
1_1239	0	0	o
1_1240	0	Y	n8-16c21/22o
1_1241	0	0	o
1_1242	1	0	i7-27o
1_1243	0	0	o
1_1244	0	0	o
1_1246	0	0	o
1_1247	1	0	o130-151i
1_1248	2	0	i5-24o30-50i
1_1249	0	0	o
